#
# There is insufficient memory for the Java Runtime Environment to continue.
# Native memory allocation (malloc) failed to allocate 74896 bytes for Chunk::new
# Possible reasons:
#   The system is out of physical RAM or swap space
#   The process is running with CompressedOops enabled, and the Java Heap may be blocking the growth of the native heap
# Possible solutions:
#   Reduce memory load on the system
#   Increase physical memory or swap space
#   Check if swap backing store is full
#   Decrease Java heap size (-Xmx/-Xms)
#   Decrease number of Java threads
#   Decrease Java thread stack sizes (-Xss)
#   Set larger code cache with -XX:ReservedCodeCacheSize=
#   JVM is running with Unscaled Compressed Oops mode in which the Java heap is
#     placed in the first 4GB address space. The Java Heap base address is the
#     maximum limit for the native heap growth. Please use -XX:HeapBaseMinAddress
#     to set the Java Heap base and to place the Java Heap above 4GB virtual address.
# This output file may be truncated or incomplete.
#
#  Out of Memory Error (arena.cpp:189), pid=38712, tid=65916
#
# JRE version: OpenJDK Runtime Environment Temurin-17.0.4.1+1 (17.0.4.1+1) (build 17.0.4.1+1)
# Java VM: OpenJDK 64-Bit Server VM Temurin-17.0.4.1+1 (17.0.4.1+1, mixed mode, tiered, compressed oops, compressed class ptrs, parallel gc, windows-amd64)
# No core dump will be written. Minidumps are not enabled by default on client versions of Windows
#

---------------  S U M M A R Y ------------

Command Line: --add-modules=ALL-SYSTEM --add-opens=java.base/java.util=ALL-UNNAMED --add-opens=java.base/java.lang=ALL-UNNAMED --add-opens=java.base/sun.nio.fs=ALL-UNNAMED -Declipse.application=org.eclipse.jdt.ls.core.id1 -Dosgi.bundles.defaultStartLevel=4 -Declipse.product=org.eclipse.jdt.ls.core.product -Djava.import.generatesMetadataFilesAtProjectRoot=false -Dfile.encoding=utf8 -XX:+UseParallelGC -XX:GCTimeRatio=4 -XX:AdaptiveSizePolicyWeight=90 -Dsun.zip.disableMemoryMapping=true -Xmx1G -Xms100m -Xlog:disable -javaagent:c:\Users\Administrator\.kiro\extensions\redhat.java-1.12.0-win32-x64\lombok\lombok-1.18.24.jar -XX:+HeapDumpOnOutOfMemoryError -XX:HeapDumpPath=c:\Users\Administrator\AppData\Roaming\Kiro\User\workspaceStorage\370af1cdf00c4ba8e98fa4faa2476796\redhat.java c:\Users\Administrator\.kiro\extensions\redhat.java-1.12.0-win32-x64\server\plugins\org.eclipse.equinox.launcher_1.6.400.v20210924-0641.jar -configuration c:\Users\Administrator\AppData\Roaming\Kiro\User\globalStorage\redhat.java\1.12.0\config_win -data c:\Users\Administrator\AppData\Roaming\Kiro\User\workspaceStorage\370af1cdf00c4ba8e98fa4faa2476796\redhat.java\jdt_ws

Host: 13th Gen Intel(R) Core(TM) i5-13400, 16 cores, 31G,  Windows 10 , 64 bit Build 19041 (10.0.19041.3570)
Time: Sat Mar 28 12:16:31 2026 Eastern Daylight Time elapsed time: 0.606898 seconds (0d 0h 0m 0s)

---------------  T H R E A D  ---------------

Current thread (0x00000222f6c3e330):  JavaThread "C2 CompilerThread1" daemon [_thread_in_native, id=65916, stack(0x0000003f26f00000,0x0000003f27000000)]


Current CompileTask:
C2:    606  573 %     4       sun.security.provider.SHA2::implCompress0 @ 220 (490 bytes)

Stack: [0x0000003f26f00000,0x0000003f27000000]
Native frames: (J=compiled Java code, j=interpreted, Vv=VM code, C=native code)
V  [jvm.dll+0x67731a]
V  [jvm.dll+0x832284]
V  [jvm.dll+0x833a2e]
V  [jvm.dll+0x834093]
V  [jvm.dll+0x245775]
V  [jvm.dll+0xabd7b]
V  [jvm.dll+0xac30c]
V  [jvm.dll+0x363a42]
V  [jvm.dll+0x1bbbd2]
V  [jvm.dll+0x2187d9]
V  [jvm.dll+0x217aa1]
V  [jvm.dll+0x1a3f8d]
V  [jvm.dll+0x227498]
V  [jvm.dll+0x2255e5]
V  [jvm.dll+0x7e7e9b]
V  [jvm.dll+0x7e240a]
V  [jvm.dll+0x6761a5]
C  [ucrtbase.dll+0x21bb2]
C  [KERNEL32.DLL+0x17344]
C  [ntdll.dll+0x526b1]


---------------  P R O C E S S  ---------------

Threads class SMR info:
_java_thread_list=0x00000222f8967300, length=16, elements={
0x00000222effefd40, 0x00000222f4e61070, 0x00000222f4e62610, 0x00000222f6a42550,
0x00000222f69f6f30, 0x00000222f69f8250, 0x00000222f69f9b20, 0x00000222f69faf60,
0x00000222f6a736b0, 0x00000222f6abbab0, 0x00000222f0053c80, 0x00000222f6bbcd40,
0x00000222f6bc8d00, 0x00000222f6c3e330, 0x00000222f6c47000, 0x00000222f8a1df90
}

Java Threads: ( => current thread )
  0x00000222effefd40 JavaThread "main" [_thread_in_vm, id=49984, stack(0x0000003f26000000,0x0000003f26100000)]
  0x00000222f4e61070 JavaThread "Reference Handler" daemon [_thread_blocked, id=57732, stack(0x0000003f26300000,0x0000003f26400000)]
  0x00000222f4e62610 JavaThread "Finalizer" daemon [_thread_blocked, id=23188, stack(0x0000003f26400000,0x0000003f26500000)]
  0x00000222f6a42550 JavaThread "Signal Dispatcher" daemon [_thread_blocked, id=66024, stack(0x0000003f26500000,0x0000003f26600000)]
  0x00000222f69f6f30 JavaThread "Attach Listener" daemon [_thread_blocked, id=23704, stack(0x0000003f26600000,0x0000003f26700000)]
  0x00000222f69f8250 JavaThread "Service Thread" daemon [_thread_blocked, id=75064, stack(0x0000003f26700000,0x0000003f26800000)]
  0x00000222f69f9b20 JavaThread "Monitor Deflation Thread" daemon [_thread_blocked, id=44144, stack(0x0000003f26800000,0x0000003f26900000)]
  0x00000222f69faf60 JavaThread "C2 CompilerThread0" daemon [_thread_in_native, id=73984, stack(0x0000003f26900000,0x0000003f26a00000)]
  0x00000222f6a736b0 JavaThread "C1 CompilerThread0" daemon [_thread_blocked, id=18068, stack(0x0000003f26a00000,0x0000003f26b00000)]
  0x00000222f6abbab0 JavaThread "Sweeper thread" daemon [_thread_blocked, id=37148, stack(0x0000003f26b00000,0x0000003f26c00000)]
  0x00000222f0053c80 JavaThread "Common-Cleaner" daemon [_thread_blocked, id=24120, stack(0x0000003f26c00000,0x0000003f26d00000)]
  0x00000222f6bbcd40 JavaThread "C1 CompilerThread1" daemon [_thread_blocked, id=78284, stack(0x0000003f26d00000,0x0000003f26e00000)]
  0x00000222f6bc8d00 JavaThread "C1 CompilerThread2" daemon [_thread_blocked, id=52008, stack(0x0000003f26e00000,0x0000003f26f00000)]
=>0x00000222f6c3e330 JavaThread "C2 CompilerThread1" daemon [_thread_in_native, id=65916, stack(0x0000003f26f00000,0x0000003f27000000)]
  0x00000222f6c47000 JavaThread "Notification Thread" daemon [_thread_blocked, id=78796, stack(0x0000003f27000000,0x0000003f27100000)]
  0x00000222f8a1df90 JavaThread "C2 CompilerThread2" daemon [_thread_in_native, id=6072, stack(0x0000003f27200000,0x0000003f27300000)]

Other Threads:
  0x00000222f00ad570 VMThread "VM Thread" [stack: 0x0000003f26200000,0x0000003f26300000] [id=76904]
  0x00000222f8974f40 WatcherThread [stack: 0x0000003f27100000,0x0000003f27200000] [id=80832]
  0x00000222f0005460 GCTaskThread "GC Thread#0" [stack: 0x0000003f26100000,0x0000003f26200000] [id=61036]

Threads with active compile tasks:
C2 CompilerThread0      617  574       4       java.lang.String::substring (58 bytes)
C1 CompilerThread0      617  593       3       java.util.Objects::checkFromIndexSize (8 bytes)
C1 CompilerThread1      617  595 %     3       java.util.Properties$LineReader::readLine @ 224 (584 bytes)
C1 CompilerThread2      617  594       3       jdk.internal.util.Preconditions::checkFromIndexSize (25 bytes)
C2 CompilerThread1      617  573 %     4       sun.security.provider.SHA2::implCompress0 @ 220 (490 bytes)
C2 CompilerThread2      617  576       4       lombok.patcher.MethodTarget::typeMatches (14 bytes)

VM state: not at safepoint (normal execution)

VM Mutex/Monitor currently owned by a thread:  ([mutex/lock_event])
[0x00000222effeb9c0] MethodData_lock - owner thread: 0x0000000000000000

Heap address: 0x00000000c0000000, size: 1024 MB, Compressed Oops mode: 32-bit

CDS archive(s) not mapped
Compressed class space mapped at: 0x0000000100000000-0x0000000140000000, reserved size: 1073741824
Narrow klass base: 0x0000000000000000, Narrow klass shift: 3, Narrow klass range: 0x140000000

GC Precious Log:
 CPUs: 16 total, 16 available
 Memory: 32577M
 Large Page Support: Disabled
 NUMA Support: Disabled
 Compressed Oops: Enabled (32-bit)
 Alignments: Space 512K, Generation 512K, Heap 2M
 Heap Min Capacity: 100M
 Heap Initial Capacity: 100M
 Heap Max Capacity: 1G
 Pre-touch: Disabled
 Parallel Workers: 13

Heap:
 PSYoungGen      total 29696K, used 14153K [0x00000000eab00000, 0x00000000ecc00000, 0x0000000100000000)
  eden space 25600K, 55% used [0x00000000eab00000,0x00000000eb8d27c0,0x00000000ec400000)
  from space 4096K, 0% used [0x00000000ec800000,0x00000000ec800000,0x00000000ecc00000)
  to   space 4096K, 0% used [0x00000000ec400000,0x00000000ec400000,0x00000000ec800000)
 ParOldGen       total 68608K, used 0K [0x00000000c0000000, 0x00000000c4300000, 0x00000000eab00000)
  object space 68608K, 0% used [0x00000000c0000000,0x00000000c0000000,0x00000000c4300000)
 Metaspace       used 8677K, committed 8832K, reserved 1064960K
  class space    used 865K, committed 960K, reserved 1048576K

Card table byte_map: [0x00000222ef9c0000,0x00000222efbd0000] _byte_map_base: 0x00000222ef3c0000

Marking Bits: (ParMarkBitMap*) 0x00007ff8a3372cc0
 Begin Bits: [0x00000222f2c70000, 0x00000222f3c70000)
 End Bits:   [0x00000222f3c70000, 0x00000222f4c70000)

Polling page: 0x00000222ef7b0000

Metaspace:

Usage:
  Non-class:      7.63 MB used.
      Class:    865.72 KB used.
       Both:      8.47 MB used.

Virtual space:
  Non-class space:       16.00 MB reserved,       7.69 MB ( 48%) committed,  2 nodes.
      Class space:        1.00 GB reserved,     960.00 KB ( <1%) committed,  1 nodes.
             Both:        1.02 GB reserved,       8.62 MB ( <1%) committed. 

Chunk freelists:
   Non-Class:  3.92 MB
       Class:  3.09 MB
        Both:  7.01 MB

MaxMetaspaceSize: unlimited
CompressedClassSpaceSize: 1.00 GB
Initial GC threshold: 21.00 MB
Current GC threshold: 21.00 MB
CDS: off
MetaspaceReclaimPolicy: balanced
 - commit_granule_bytes: 65536.
 - commit_granule_words: 8192.
 - virtual_space_node_default_size: 1048576.
 - enlarge_chunks_in_place: 1.
 - new_chunks_are_fully_committed: 0.
 - uncommit_free_chunks: 1.
 - use_allocation_guard: 0.
 - handle_deallocations: 1.


Internal statistics:

num_allocs_failed_limit: 0.
num_arena_births: 10.
num_arena_deaths: 0.
num_vsnodes_births: 3.
num_vsnodes_deaths: 0.
num_space_committed: 138.
num_space_uncommitted: 0.
num_chunks_returned_to_freelist: 0.
num_chunks_taken_from_freelist: 44.
num_chunk_merges: 0.
num_chunk_splits: 24.
num_chunks_enlarged: 19.
num_purges: 0.
num_inconsistent_stats: 0.

CodeHeap 'non-profiled nmethods': size=119168Kb used=228Kb max_used=228Kb free=118940Kb
 bounds [0x0000022287ba0000, 0x0000022287e10000, 0x000002228f000000]
CodeHeap 'profiled nmethods': size=119104Kb used=913Kb max_used=913Kb free=118191Kb
 bounds [0x0000022280750000, 0x00000222809c0000, 0x0000022287ba0000]
CodeHeap 'non-nmethods': size=7488Kb used=2258Kb max_used=2290Kb free=5229Kb
 bounds [0x0000022280000000, 0x0000022280270000, 0x0000022280750000]
 total_blobs=1011 nmethods=591 adapters=333
 compilation: enabled
              stopped_count=0, restarted_count=0
 full_count=0

Compilation events (20 events):
Event: 0.582 Thread 0x00000222f6a736b0  564       1       java.security.Provider$UString::toString (5 bytes)
Event: 0.583 Thread 0x00000222f6bbcd40  565       1       java.security.Provider$Service::getProvider (5 bytes)
Event: 0.583 Thread 0x00000222f6a736b0 nmethod 564 0x0000022287bd1090 code [0x0000022287bd1220, 0x0000022287bd12f8]
Event: 0.583 Thread 0x00000222f6bbcd40 nmethod 565 0x0000022287bd1390 code [0x0000022287bd1520, 0x0000022287bd15f8]
Event: 0.583 Thread 0x00000222f6bbcd40  566       3       sun.security.provider.SHA2::implCompress0 (490 bytes)
Event: 0.584 Thread 0x00000222f6bbcd40 nmethod 566 0x000002228081ef10 code [0x000002228081f100, 0x000002228081f968]
Event: 0.584 Thread 0x00000222f6bc8d00  567       3       sun.security.provider.ByteArrayAccess::b2iBig64 (231 bytes)
Event: 0.584 Thread 0x00000222f6a736b0  568       3       sun.security.provider.SHA2::implCompress (13 bytes)
Event: 0.584 Thread 0x00000222f6bbcd40  569       3       sun.security.provider.SHA2::implCompressCheck (27 bytes)
Event: 0.584 Thread 0x00000222f6a736b0 nmethod 568 0x000002228081fe10 code [0x0000022280820000, 0x0000022280820448]
Event: 0.584 Thread 0x00000222f6bbcd40 nmethod 569 0x0000022280820610 code [0x00000222808207e0, 0x0000022280820b98]
Event: 0.588 Thread 0x00000222f6bc8d00 nmethod 567 0x0000022280820d10 code [0x00000222808217e0, 0x0000022280827bb8]
Event: 0.589 Thread 0x00000222f6c3e330 nmethod 557 0x0000022287bd1690 code [0x0000022287bd1840, 0x0000022287bd1d78]
Event: 0.589 Thread 0x00000222f6c3e330  558       4       java.util.Collections$UnmodifiableCollection::iterator (9 bytes)
Event: 0.595 Thread 0x00000222f6bc8d00  575       3       java.lang.ref.WeakReference::<init> (7 bytes)
Event: 0.595 Thread 0x00000222f6bc8d00 nmethod 575 0x0000022280829910 code [0x0000022280829ac0, 0x0000022280829d18]
Event: 0.598 Thread 0x00000222f6c3e330 nmethod 558 0x0000022287bd2090 code [0x0000022287bd2260, 0x0000022287bd2898]
Event: 0.598 Thread 0x00000222f6c3e330  573 %     4       sun.security.provider.SHA2::implCompress0 @ 220 (490 bytes)
Event: 0.602 Thread 0x00000222f6a736b0  577       1       java.lang.Module::getDescriptor (5 bytes)
Event: 0.603 Thread 0x00000222f6a736b0 nmethod 577 0x0000022287bd2d10 code [0x0000022287bd2ea0, 0x0000022287bd2f78]

GC Heap History (0 events):
No events

Deoptimization events (20 events):
Event: 0.443 Thread 0x00000222effefd40 DEOPT PACKING pc=0x000002228076c793 sp=0x0000003f260fbc80
Event: 0.443 Thread 0x00000222effefd40 DEOPT UNPACKING pc=0x0000022280052843 sp=0x0000003f260fb140 mode 0
Event: 0.445 Thread 0x00000222effefd40 DEOPT PACKING pc=0x000002228076c793 sp=0x0000003f260faad0
Event: 0.445 Thread 0x00000222effefd40 DEOPT UNPACKING pc=0x0000022280052843 sp=0x0000003f260f9f90 mode 0
Event: 0.446 Thread 0x00000222effefd40 DEOPT PACKING pc=0x000002228076c793 sp=0x0000003f260fa700
Event: 0.446 Thread 0x00000222effefd40 DEOPT UNPACKING pc=0x0000022280052843 sp=0x0000003f260f9bc0 mode 0
Event: 0.446 Thread 0x00000222effefd40 DEOPT PACKING pc=0x000002228076c793 sp=0x0000003f260fb100
Event: 0.446 Thread 0x00000222effefd40 DEOPT UNPACKING pc=0x0000022280052843 sp=0x0000003f260fa5c0 mode 0
Event: 0.450 Thread 0x00000222effefd40 DEOPT PACKING pc=0x000002228076c793 sp=0x0000003f260fc890
Event: 0.450 Thread 0x00000222effefd40 DEOPT UNPACKING pc=0x0000022280052843 sp=0x0000003f260fbd50 mode 0
Event: 0.510 Thread 0x00000222effefd40 Uncommon trap: trap_request=0xffffff45 fr.pc=0x0000022287bb43c0 relative=0x00000000000000c0
Event: 0.510 Thread 0x00000222effefd40 Uncommon trap: reason=unstable_if action=reinterpret pc=0x0000022287bb43c0 method=java.net.URI.match(CJJ)Z @ 45 c2
Event: 0.510 Thread 0x00000222effefd40 DEOPT PACKING pc=0x0000022287bb43c0 sp=0x0000003f260fcb70
Event: 0.510 Thread 0x00000222effefd40 DEOPT UNPACKING pc=0x00000222800520a3 sp=0x0000003f260fcaf8 mode 2
Event: 0.522 Thread 0x00000222effefd40 Uncommon trap: trap_request=0xffffff45 fr.pc=0x0000022287bc4f4c relative=0x000000000000060c
Event: 0.522 Thread 0x00000222effefd40 Uncommon trap: reason=unstable_if action=reinterpret pc=0x0000022287bc4f4c method=java.lang.String.replace(Ljava/lang/CharSequence;Ljava/lang/CharSequence;)Ljava/lang/String; @ 48 c2
Event: 0.522 Thread 0x00000222effefd40 DEOPT PACKING pc=0x0000022287bc4f4c sp=0x0000003f260fcaf0
Event: 0.522 Thread 0x00000222effefd40 DEOPT UNPACKING pc=0x00000222800520a3 sp=0x0000003f260fca70 mode 2
Event: 0.534 Thread 0x00000222effefd40 DEOPT PACKING pc=0x000002228079b256 sp=0x0000003f260fe020
Event: 0.535 Thread 0x00000222effefd40 DEOPT UNPACKING pc=0x0000022280052843 sp=0x0000003f260fd4c0 mode 0

Classes unloaded (0 events):
No events

Classes redefined (0 events):
No events

Internal exceptions (2 events):
Event: 0.165 Thread 0x00000222effefd40 Exception <a 'java/lang/NoSuchMethodError'{0x00000000eac52a98}: 'void java.lang.invoke.DirectMethodHandle$Holder.invokeStatic(java.lang.Object, java.lang.Object, java.lang.Object)'> (0x00000000eac52a98) 
thrown [s\src\hotspot\share\interpreter\linkResolver.cpp, line 759]
Event: 0.325 Thread 0x00000222effefd40 Exception <a 'java/lang/reflect/InvocationTargetException'{0x00000000eb0b6c10}> (0x00000000eb0b6c10) 
thrown [s\src\hotspot\share\runtime\reflection.cpp, line 1121]

VM Operations (8 events):
Event: 0.170 Executing VM operation: HandshakeAllThreads
Event: 0.170 Executing VM operation: HandshakeAllThreads done
Event: 0.256 Executing VM operation: HandshakeAllThreads
Event: 0.256 Executing VM operation: HandshakeAllThreads done
Event: 0.579 Executing VM operation: HandshakeAllThreads
Event: 0.579 Executing VM operation: HandshakeAllThreads done
Event: 0.594 Executing VM operation: HandshakeAllThreads
Event: 0.594 Executing VM operation: HandshakeAllThreads done

Events (20 events):
Event: 0.601 loading class java/net/spi/URLStreamHandlerProvider
Event: 0.601 loading class java/net/spi/URLStreamHandlerProvider done
Event: 0.601 loading class java/util/ServiceLoader
Event: 0.601 loading class java/util/ServiceLoader done
Event: 0.602 loading class java/util/ServiceLoader$ModuleServicesLookupIterator
Event: 0.602 loading class java/util/ServiceLoader$ModuleServicesLookupIterator done
Event: 0.602 loading class java/util/Spliterators$ArraySpliterator
Event: 0.602 loading class java/util/Spliterators$ArraySpliterator done
Event: 0.602 loading class java/util/Spliterators$1Adapter
Event: 0.602 loading class java/util/Spliterators$1Adapter done
Event: 0.603 loading class java/util/ServiceLoader$LazyClassPathLookupIterator
Event: 0.603 loading class java/util/ServiceLoader$LazyClassPathLookupIterator done
Event: 0.603 loading class java/util/ServiceLoader$2
Event: 0.603 loading class java/util/ServiceLoader$2 done
Event: 0.603 loading class java/util/ServiceLoader$3
Event: 0.603 loading class java/util/ServiceLoader$3 done
Event: 0.604 loading class java/util/Collections$EmptyEnumeration
Event: 0.604 loading class java/util/Collections$EmptyEnumeration done
Event: 0.604 loading class jdk/internal/loader/BuiltinClassLoader$1
Event: 0.604 loading class jdk/internal/loader/BuiltinClassLoader$1 done


Dynamic libraries:
0x00007ff7d15c0000 - 0x00007ff7d15ce000 	c:\Users\Administrator\.kiro\extensions\redhat.java-1.12.0-win32-x64\jre\17.0.4.1-win32-x86_64\bin\java.exe
0x00007ff979a90000 - 0x00007ff979c87000 	C:\Windows\SYSTEM32\ntdll.dll
0x00007ff979890000 - 0x00007ff97994d000 	C:\Windows\System32\KERNEL32.DLL
0x00007ff977660000 - 0x00007ff977956000 	C:\Windows\System32\KERNELBASE.dll
0x00007ff973b00000 - 0x00007ff973b90000 	C:\Windows\SYSTEM32\apphelp.dll
0x00007ff977250000 - 0x00007ff977350000 	C:\Windows\System32\ucrtbase.dll
0x00007ff9420f0000 - 0x00007ff942108000 	c:\Users\Administrator\.kiro\extensions\redhat.java-1.12.0-win32-x64\jre\17.0.4.1-win32-x86_64\bin\jli.dll
0x00007ff946da0000 - 0x00007ff946db9000 	c:\Users\Administrator\.kiro\extensions\redhat.java-1.12.0-win32-x64\jre\17.0.4.1-win32-x86_64\bin\VCRUNTIME140.dll
0x00007ff977c10000 - 0x00007ff977dae000 	C:\Windows\System32\USER32.dll
0x00007ff9773c0000 - 0x00007ff9773e2000 	C:\Windows\System32\win32u.dll
0x00007ff979860000 - 0x00007ff97988c000 	C:\Windows\System32\GDI32.dll
0x00007ff9773f0000 - 0x00007ff97750a000 	C:\Windows\System32\gdi32full.dll
0x00007ff9775c0000 - 0x00007ff97765d000 	C:\Windows\System32\msvcp_win.dll
0x00007ff964440000 - 0x00007ff9646da000 	C:\Windows\WinSxS\amd64_microsoft.windows.common-controls_6595b64144ccf1df_6.0.19041.3570_none_60bb2a3971f3e41a\COMCTL32.dll
0x00007ff978040000 - 0x00007ff9780de000 	C:\Windows\System32\msvcrt.dll
0x00007ff978e80000 - 0x00007ff978eb0000 	C:\Windows\System32\IMM32.DLL
0x00007ff96fce0000 - 0x00007ff96fcec000 	c:\Users\Administrator\.kiro\extensions\redhat.java-1.12.0-win32-x64\jre\17.0.4.1-win32-x86_64\bin\vcruntime140_1.dll
0x00007ff907e80000 - 0x00007ff907f11000 	c:\Users\Administrator\.kiro\extensions\redhat.java-1.12.0-win32-x64\jre\17.0.4.1-win32-x86_64\bin\msvcp140.dll
0x00007ff8a27f0000 - 0x00007ff8a3436000 	c:\Users\Administrator\.kiro\extensions\redhat.java-1.12.0-win32-x64\jre\17.0.4.1-win32-x86_64\bin\server\jvm.dll
0x00007ff979740000 - 0x00007ff9797ee000 	C:\Windows\System32\ADVAPI32.dll
0x00007ff979950000 - 0x00007ff9799ec000 	C:\Windows\System32\sechost.dll
0x00007ff978d50000 - 0x00007ff978e76000 	C:\Windows\System32\RPCRT4.dll
0x00007ff977db0000 - 0x00007ff977db8000 	C:\Windows\System32\PSAPI.DLL
0x00007ff95fd80000 - 0x00007ff95fd89000 	C:\Windows\SYSTEM32\WSOCK32.dll
0x00007ff979310000 - 0x00007ff97937b000 	C:\Windows\System32\WS2_32.dll
0x00007ff96f1a0000 - 0x00007ff96f1aa000 	C:\Windows\SYSTEM32\VERSION.dll
0x00007ff9695c0000 - 0x00007ff9695e7000 	C:\Windows\SYSTEM32\WINMM.dll
0x00007ff975970000 - 0x00007ff975982000 	C:\Windows\SYSTEM32\kernel.appcore.dll
0x00007ff96e8b0000 - 0x00007ff96e8ba000 	c:\Users\Administrator\.kiro\extensions\redhat.java-1.12.0-win32-x64\jre\17.0.4.1-win32-x86_64\bin\jimage.dll
0x00007ff9754b0000 - 0x00007ff975694000 	C:\Windows\SYSTEM32\DBGHELP.DLL
0x00007ff9592b0000 - 0x00007ff9592e4000 	C:\Windows\SYSTEM32\dbgcore.DLL
0x00007ff9771c0000 - 0x00007ff977242000 	C:\Windows\System32\bcryptPrimitives.dll
0x00007ff96e860000 - 0x00007ff96e86e000 	c:\Users\Administrator\.kiro\extensions\redhat.java-1.12.0-win32-x64\jre\17.0.4.1-win32-x86_64\bin\instrument.dll
0x00007ff938580000 - 0x00007ff9385a5000 	c:\Users\Administrator\.kiro\extensions\redhat.java-1.12.0-win32-x64\jre\17.0.4.1-win32-x86_64\bin\java.dll
0x00007ff941b30000 - 0x00007ff941b48000 	c:\Users\Administrator\.kiro\extensions\redhat.java-1.12.0-win32-x64\jre\17.0.4.1-win32-x86_64\bin\zip.dll
0x00007ff9780e0000 - 0x00007ff978824000 	C:\Windows\System32\SHELL32.dll
0x00007ff974d00000 - 0x00007ff97549b000 	C:\Windows\SYSTEM32\windows.storage.dll
0x00007ff978ed0000 - 0x00007ff979224000 	C:\Windows\System32\combase.dll
0x00007ff976a90000 - 0x00007ff976abd000 	C:\Windows\SYSTEM32\Wldp.dll
0x00007ff978830000 - 0x00007ff9788dd000 	C:\Windows\System32\SHCORE.dll
0x00007ff979230000 - 0x00007ff979285000 	C:\Windows\System32\shlwapi.dll
0x00007ff977060000 - 0x00007ff977085000 	C:\Windows\SYSTEM32\profapi.dll
0x00007ff93ff90000 - 0x00007ff93ffa9000 	C:\Users\Administrator\.kiro\extensions\redhat.java-1.12.0-win32-x64\jre\17.0.4.1-win32-x86_64\bin\net.dll
0x00007ff96f730000 - 0x00007ff96f83a000 	C:\Windows\SYSTEM32\WINHTTP.dll
0x00007ff976870000 - 0x00007ff9768da000 	C:\Windows\system32\mswsock.dll
0x00007ff93f470000 - 0x00007ff93f485000 	C:\Users\Administrator\.kiro\extensions\redhat.java-1.12.0-win32-x64\jre\17.0.4.1-win32-x86_64\bin\nio.dll
0x00007ff962600000 - 0x00007ff962610000 	c:\Users\Administrator\.kiro\extensions\redhat.java-1.12.0-win32-x64\jre\17.0.4.1-win32-x86_64\bin\verify.dll

dbghelp: loaded successfully - version: 4.0.5 - missing functions: none
symbol engine: initialized successfully - sym options: 0x614 - pdb path: .;c:\Users\Administrator\.kiro\extensions\redhat.java-1.12.0-win32-x64\jre\17.0.4.1-win32-x86_64\bin;C:\Windows\SYSTEM32;C:\Windows\WinSxS\amd64_microsoft.windows.common-controls_6595b64144ccf1df_6.0.19041.3570_none_60bb2a3971f3e41a;c:\Users\Administrator\.kiro\extensions\redhat.java-1.12.0-win32-x64\jre\17.0.4.1-win32-x86_64\bin\server

VM Arguments:
jvm_args: --add-modules=ALL-SYSTEM --add-opens=java.base/java.util=ALL-UNNAMED --add-opens=java.base/java.lang=ALL-UNNAMED --add-opens=java.base/sun.nio.fs=ALL-UNNAMED -Declipse.application=org.eclipse.jdt.ls.core.id1 -Dosgi.bundles.defaultStartLevel=4 -Declipse.product=org.eclipse.jdt.ls.core.product -Djava.import.generatesMetadataFilesAtProjectRoot=false -Dfile.encoding=utf8 -XX:+UseParallelGC -XX:GCTimeRatio=4 -XX:AdaptiveSizePolicyWeight=90 -Dsun.zip.disableMemoryMapping=true -Xmx1G -Xms100m -Xlog:disable -javaagent:c:\Users\Administrator\.kiro\extensions\redhat.java-1.12.0-win32-x64\lombok\lombok-1.18.24.jar -XX:+HeapDumpOnOutOfMemoryError -XX:HeapDumpPath=c:\Users\Administrator\AppData\Roaming\Kiro\User\workspaceStorage\370af1cdf00c4ba8e98fa4faa2476796\redhat.java 
java_command: c:\Users\Administrator\.kiro\extensions\redhat.java-1.12.0-win32-x64\server\plugins\org.eclipse.equinox.launcher_1.6.400.v20210924-0641.jar -configuration c:\Users\Administrator\AppData\Roaming\Kiro\User\globalStorage\redhat.java\1.12.0\config_win -data c:\Users\Administrator\AppData\Roaming\Kiro\User\workspaceStorage\370af1cdf00c4ba8e98fa4faa2476796\redhat.java\jdt_ws
java_class_path (initial): c:\Users\Administrator\.kiro\extensions\redhat.java-1.12.0-win32-x64\server\plugins\org.eclipse.equinox.launcher_1.6.400.v20210924-0641.jar
Launcher Type: SUN_STANDARD

[Global flags]
    uintx AdaptiveSizePolicyWeight                 = 90                                        {product} {command line}
     intx CICompilerCount                          = 12                                        {product} {ergonomic}
    uintx GCTimeRatio                              = 4                                         {product} {command line}
     bool HeapDumpOnOutOfMemoryError               = true                                   {manageable} {command line}
    ccstr HeapDumpPath                             = c:\Users\Administrator\AppData\Roaming\Kiro\User\workspaceStorage\370af1cdf00c4ba8e98fa4faa2476796\redhat.java         {manageable} {command line}
   size_t InitialHeapSize                          = 104857600                                 {product} {command line}
   size_t MaxHeapSize                              = 1073741824                                {product} {command line}
   size_t MaxNewSize                               = 357564416                                 {product} {ergonomic}
   size_t MinHeapDeltaBytes                        = 524288                                    {product} {ergonomic}
   size_t MinHeapSize                              = 104857600                                 {product} {command line}
   size_t NewSize                                  = 34603008                                  {product} {ergonomic}
    uintx NonNMethodCodeHeapSize                   = 7602480                                {pd product} {ergonomic}
    uintx NonProfiledCodeHeapSize                  = 122027880                              {pd product} {ergonomic}
   size_t OldSize                                  = 70254592                                  {product} {ergonomic}
    uintx ProfiledCodeHeapSize                     = 122027880                              {pd product} {ergonomic}
    uintx ReservedCodeCacheSize                    = 251658240                              {pd product} {ergonomic}
     bool SegmentedCodeCache                       = true                                      {product} {ergonomic}
   size_t SoftMaxHeapSize                          = 1073741824                             {manageable} {ergonomic}
     bool UseCompressedClassPointers               = true                           {product lp64_product} {ergonomic}
     bool UseCompressedOops                        = true                           {product lp64_product} {ergonomic}
     bool UseLargePagesIndividualAllocation        = false                                  {pd product} {ergonomic}
     bool UseParallelGC                            = true                                      {product} {command line}

Logging:
Log output configuration:
 #0: stdout all=off uptime,level,tags
 #1: stderr all=off uptime,level,tags

Environment Variables:
JAVA_HOME=C:\Program Files\Java\jdk-21
CLASSPATH=C:\Program Files\Java\jdk-21\lib\dt.jar;C:\Program Files\Java\jdk-21\lib\tools.jar</p>
PATH=C:\nvm4w\nodejs;D:\software\GitCLI;C:\Program Files\MongoDB\Tools\100\bin;C:\Program Files\MongoDB\Server\8.0\bin;C:\Users\Administrator\miniconda3\condabin;E:\software\VMware\bin\;C:\Program Files\Common Files\Oracle\Java\javapath;C:\Program Files\NVIDIA GPU Computing Toolkit\CUDA\v11.8\bin;C:\Program Files\NVIDIA GPU Computing Toolkit\CUDA\v11.8\libnvvp;C:\Program Files (x86)\Common Files\Intel\Shared Libraries\redist\intel64\compiler;C:\Program Files (x86)\Common Files\Oracle\Java\javapath;C:\Windows\system32;C:\Windows;C:\Windows\System32\Wbem;C:\Windows\System32\WindowsPowerShell\v1.0\;C:\Windows\System32\OpenSSH\;C:\Program Files\dotnet\;C:\Program Files (x86)\NVIDIA Corporation\PhysX\Common;C:\Program Files\Bandizip\;C:\Program Files\NVIDIA Corporation\Nsight Compute 2022.3.0\;C:\Program Files\NVIDIA Corporation\NVIDIA NvDLISR;E:\software\CMake\bin;E:\software\GO\bin\;D:\software\matlab\Matlab\bin\;C:\Program Files\Microsoft SQL Server\Client SDK\ODBC\170\Tools\Binn\;C:\Program Files (x86)\Microsoft SQL Server\150\Tools\Binn\;C:\Program Files\Microsoft SQL Server\150\Tools\Binn\;C:\Program Files\Microsoft SQL Server\150\DTS\Binn\;C:\Program Files (x86)\Windows Kits\8.1\Windows Performance Toolkit\;E:\program\mingw64\bin\;D:\software\MiKTeX\miktex\bin\x64\;C:\Program Files\Wolfram Research\WolframScript\;C:\Program Files\Calibre2\;C:\Program Files\MySQL\MySQL Server 8.0\bin;D:\software\apache-maven-3.9.6\bin\;C:\Program Files\Java\jdk-21\bin\;E:\software\python\Scripts\;C:\Program Files\Microsoft Visual Studio\;E:\software\Microsoft VS Code\bin;E:\program\Compiler\Kotlin\bin\;C:\Program Files (x86)\ZeroTier\One\;C:\Program Files\Docker\Docker\resources\bin;C:\Program Files (x86)\cloudflared\;D:\software\R-4.5.0\bin;C:\Users\Administrator\AppData\Local\nvm;C:\nvm4w\nodejs;C:\Program Files (x86)\Gpg4win\..\GnuPG\bin;C:\Program Files (x86)\GnuPG\bin;E:\software\Git\cmd;C:\FPC\3.2.2\bin\i386-Win32;C:\Program Files\cursor\resources\app\bin;D:\software\ffmpeg\bin;
USERNAME=Administrator
OS=Windows_NT
PROCESSOR_IDENTIFIER=Intel64 Family 6 Model 191 Stepping 2, GenuineIntel
TMP=C:\Users\Administrator\AppData\Local\Temp
TEMP=C:\Users\Administrator\AppData\Local\Temp



---------------  S Y S T E M  ---------------

OS:
 Windows 10 , 64 bit Build 19041 (10.0.19041.3570)
OS uptime: 17 days 10:22 hours
Hyper-V role detected

CPU: total 16 (initial active 16) (8 cores per cpu, 2 threads per core) family 6 model 191 stepping 2 microcode 0x26, cx8, cmov, fxsr, ht, mmx, 3dnowpref, sse, sse2, sse3, ssse3, sse4.1, sse4.2, popcnt, lzcnt, tsc, tscinvbit, avx, avx2, aes, erms, clmul, bmi1, bmi2, adx, sha, fma, vzeroupper, clflush, clflushopt, clwb, hv

Memory: 4k page, system-wide physical 32577M (10208M free)
TotalPageFile size 133130M (AvailPageFile size 1M)
current process WorkingSet (physical memory assigned to process): 58M, peak: 59M
current process commit charge ("private bytes"): 213M, peak: 215M

vm_info: OpenJDK 64-Bit Server VM (17.0.4.1+1) for windows-amd64 JRE (17.0.4.1+1), built on Aug 17 2022 07:42:43 by "temurin" with MS VC++ 16.7 (VS2019)

END.
