#
# There is insufficient memory for the Java Runtime Environment to continue.
# Native memory allocation (malloc) failed to allocate 714576 bytes for Chunk::new
# Possible reasons:
#   The system is out of physical RAM or swap space
#   The process is running with CompressedOops enabled, and the Java Heap may be blocking the growth of the native heap
# Possible solutions:
#   Reduce memory load on the system
#   Increase physical memory or swap space
#   Check if swap backing store is full
#   Decrease Java heap size (-Xmx/-Xms)
#   Decrease number of Java threads
#   Decrease Java thread stack sizes (-Xss)
#   Set larger code cache with -XX:ReservedCodeCacheSize=
#   JVM is running with Unscaled Compressed Oops mode in which the Java heap is
#     placed in the first 4GB address space. The Java Heap base address is the
#     maximum limit for the native heap growth. Please use -XX:HeapBaseMinAddress
#     to set the Java Heap base and to place the Java Heap above 4GB virtual address.
# This output file may be truncated or incomplete.
#
#  Out of Memory Error (arena.cpp:189), pid=61380, tid=37368
#
# JRE version: OpenJDK Runtime Environment Temurin-17.0.4.1+1 (17.0.4.1+1) (build 17.0.4.1+1)
# Java VM: OpenJDK 64-Bit Server VM Temurin-17.0.4.1+1 (17.0.4.1+1, mixed mode, tiered, compressed oops, compressed class ptrs, parallel gc, windows-amd64)
# No core dump will be written. Minidumps are not enabled by default on client versions of Windows
#

---------------  S U M M A R Y ------------

Command Line: --add-modules=ALL-SYSTEM --add-opens=java.base/java.util=ALL-UNNAMED --add-opens=java.base/java.lang=ALL-UNNAMED --add-opens=java.base/sun.nio.fs=ALL-UNNAMED -Declipse.application=org.eclipse.jdt.ls.core.id1 -Dosgi.bundles.defaultStartLevel=4 -Declipse.product=org.eclipse.jdt.ls.core.product -Djava.import.generatesMetadataFilesAtProjectRoot=false -Dfile.encoding=utf8 -XX:+UseParallelGC -XX:GCTimeRatio=4 -XX:AdaptiveSizePolicyWeight=90 -Dsun.zip.disableMemoryMapping=true -Xmx1G -Xms100m -Xlog:disable -javaagent:c:\Users\Administrator\.kiro\extensions\redhat.java-1.12.0-win32-x64\lombok\lombok-1.18.24.jar -XX:+HeapDumpOnOutOfMemoryError -XX:HeapDumpPath=c:\Users\Administrator\AppData\Roaming\Kiro\User\workspaceStorage\370af1cdf00c4ba8e98fa4faa2476796\redhat.java c:\Users\Administrator\.kiro\extensions\redhat.java-1.12.0-win32-x64\server\plugins\org.eclipse.equinox.launcher_1.6.400.v20210924-0641.jar -configuration c:\Users\Administrator\AppData\Roaming\Kiro\User\globalStorage\redhat.java\1.12.0\config_win -data c:\Users\Administrator\AppData\Roaming\Kiro\User\workspaceStorage\370af1cdf00c4ba8e98fa4faa2476796\redhat.java\jdt_ws

Host: 13th Gen Intel(R) Core(TM) i5-13400, 16 cores, 31G,  Windows 10 , 64 bit Build 19041 (10.0.19041.3570)
Time: Sat Mar 28 12:16:33 2026 Eastern Daylight Time elapsed time: 1.600105 seconds (0d 0h 0m 1s)

---------------  T H R E A D  ---------------

Current thread (0x0000023ead8dadb0):  JavaThread "C2 CompilerThread4" daemon [_thread_in_native, id=37368, stack(0x000000daad400000,0x000000daad500000)]


Current CompileTask:
C2:   1600 2151       4       org.apache.felix.resolver.ResolverImpl::mergeUses (495 bytes)

Stack: [0x000000daad400000,0x000000daad500000]
Native frames: (J=compiled Java code, j=interpreted, Vv=VM code, C=native code)
V  [jvm.dll+0x67731a]
V  [jvm.dll+0x832284]
V  [jvm.dll+0x833a2e]
V  [jvm.dll+0x834093]
V  [jvm.dll+0x245775]
V  [jvm.dll+0xabd7b]
V  [jvm.dll+0xac30c]
V  [jvm.dll+0x2ac80f]
V  [jvm.dll+0x57dd77]
V  [jvm.dll+0x220892]
V  [jvm.dll+0x219d3f]
V  [jvm.dll+0x21799b]
V  [jvm.dll+0x1a3f8d]
V  [jvm.dll+0x227498]
V  [jvm.dll+0x2255e5]
V  [jvm.dll+0x7e7e9b]
V  [jvm.dll+0x7e240a]
V  [jvm.dll+0x6761a5]
C  [ucrtbase.dll+0x21bb2]
C  [KERNEL32.DLL+0x17344]
C  [ntdll.dll+0x526b1]


---------------  P R O C E S S  ---------------

Threads class SMR info:
_java_thread_list=0x0000023ead8e7340, length=39, elements={
0x0000023e94fc3030, 0x0000023ea8e3b500, 0x0000023ea8e3caa0, 0x0000023eaaa1c130,
0x0000023eaaa1ccb0, 0x0000023eaaa1e270, 0x0000023eaaa212e0, 0x0000023eaaa23e20,
0x0000023eaaa314f0, 0x0000023e9507c770, 0x0000023eaab77e80, 0x0000023eaab453f0,
0x0000023eaab45900, 0x0000023e9502a440, 0x0000023eac96d880, 0x0000023eace6b2b0,
0x0000023ead054e60, 0x0000023ead055330, 0x0000023ead055800, 0x0000023ead055cd0,
0x0000023ead2d42b0, 0x0000023ead2d4f90, 0x0000023ead448170, 0x0000023ead457730,
0x0000023ead412230, 0x0000023ead455580, 0x0000023ead599130, 0x0000023ead457c00,
0x0000023ead4568c0, 0x0000023ead455a50, 0x0000023ead4580d0, 0x0000023ead457260,
0x0000023ead455f20, 0x0000023ead454710, 0x0000023ead4563f0, 0x0000023ead456d90,
0x0000023ead7b84b0, 0x0000023ead83fbe0, 0x0000023ead8dadb0
}

Java Threads: ( => current thread )
  0x0000023e94fc3030 JavaThread "main" [_thread_blocked, id=47172, stack(0x000000daaa400000,0x000000daaa500000)]
  0x0000023ea8e3b500 JavaThread "Reference Handler" daemon [_thread_blocked, id=59724, stack(0x000000daaa700000,0x000000daaa800000)]
  0x0000023ea8e3caa0 JavaThread "Finalizer" daemon [_thread_blocked, id=14020, stack(0x000000daaa800000,0x000000daaa900000)]
  0x0000023eaaa1c130 JavaThread "Signal Dispatcher" daemon [_thread_blocked, id=27664, stack(0x000000daaa900000,0x000000daaaa00000)]
  0x0000023eaaa1ccb0 JavaThread "Attach Listener" daemon [_thread_blocked, id=69832, stack(0x000000daaaa00000,0x000000daaab00000)]
  0x0000023eaaa1e270 JavaThread "Service Thread" daemon [_thread_blocked, id=36696, stack(0x000000daaab00000,0x000000daaac00000)]
  0x0000023eaaa212e0 JavaThread "Monitor Deflation Thread" daemon [_thread_blocked, id=2088, stack(0x000000daaac00000,0x000000daaad00000)]
  0x0000023eaaa23e20 JavaThread "C2 CompilerThread0" daemon [_thread_in_native, id=48164, stack(0x000000daaad00000,0x000000daaae00000)]
  0x0000023eaaa314f0 JavaThread "C1 CompilerThread0" daemon [_thread_blocked, id=70068, stack(0x000000daaae00000,0x000000daaaf00000)]
  0x0000023e9507c770 JavaThread "Sweeper thread" daemon [_thread_blocked, id=23292, stack(0x000000daaaf00000,0x000000daab000000)]
  0x0000023eaab77e80 JavaThread "Common-Cleaner" daemon [_thread_blocked, id=31660, stack(0x000000daab000000,0x000000daab100000)]
  0x0000023eaab453f0 JavaThread "C1 CompilerThread1" daemon [_thread_blocked, id=76412, stack(0x000000daab100000,0x000000daab200000)]
  0x0000023eaab45900 JavaThread "C1 CompilerThread2" daemon [_thread_blocked, id=78044, stack(0x000000daab200000,0x000000daab300000)]
  0x0000023e9502a440 JavaThread "C2 CompilerThread1" daemon [_thread_blocked, id=30816, stack(0x000000daab300000,0x000000daab400000)]
  0x0000023eac96d880 JavaThread "Notification Thread" daemon [_thread_blocked, id=52164, stack(0x000000daab500000,0x000000daab600000)]
  0x0000023eace6b2b0 JavaThread "Equinox resolver thread - Equinox Container: 6da49cba-2e46-4aae-9a56-06815faab5cc" daemon [_thread_blocked, id=23932, stack(0x000000daab400000,0x000000daab500000)]
  0x0000023ead054e60 JavaThread "Equinox resolver thread - Equinox Container: 6da49cba-2e46-4aae-9a56-06815faab5cc" daemon [_thread_blocked, id=43900, stack(0x000000daabc00000,0x000000daabd00000)]
  0x0000023ead055330 JavaThread "Equinox resolver thread - Equinox Container: 6da49cba-2e46-4aae-9a56-06815faab5cc" daemon [_thread_blocked, id=66976, stack(0x000000daabd00000,0x000000daabe00000)]
  0x0000023ead055800 JavaThread "Equinox resolver thread - Equinox Container: 6da49cba-2e46-4aae-9a56-06815faab5cc" daemon [_thread_blocked, id=22008, stack(0x000000daabe00000,0x000000daabf00000)]
  0x0000023ead055cd0 JavaThread "Equinox resolver thread - Equinox Container: 6da49cba-2e46-4aae-9a56-06815faab5cc" daemon [_thread_blocked, id=31132, stack(0x000000daabf00000,0x000000daac000000)]
  0x0000023ead2d42b0 JavaThread "Equinox resolver thread - Equinox Container: 6da49cba-2e46-4aae-9a56-06815faab5cc" daemon [_thread_blocked, id=56008, stack(0x000000daac000000,0x000000daac100000)]
  0x0000023ead2d4f90 JavaThread "Active Thread: Equinox Container: 6da49cba-2e46-4aae-9a56-06815faab5cc" [_thread_blocked, id=69512, stack(0x000000daac100000,0x000000daac200000)]
  0x0000023ead448170 JavaThread "Framework Event Dispatcher: Equinox Container: 6da49cba-2e46-4aae-9a56-06815faab5cc" daemon [_thread_blocked, id=56468, stack(0x000000daac200000,0x000000daac300000)]
  0x0000023ead457730 JavaThread "Start Level: Equinox Container: 6da49cba-2e46-4aae-9a56-06815faab5cc" daemon [_thread_in_Java, id=15760, stack(0x000000daac300000,0x000000daac400000)]
  0x0000023ead412230 JavaThread "C2 CompilerThread2" daemon [_thread_blocked, id=32100, stack(0x000000daac400000,0x000000daac500000)]
  0x0000023ead455580 JavaThread "Refresh Thread: Equinox Container: 6da49cba-2e46-4aae-9a56-06815faab5cc" daemon [_thread_blocked, id=54672, stack(0x000000daac700000,0x000000daac800000)]
  0x0000023ead599130 JavaThread "C1 CompilerThread3" daemon [_thread_blocked, id=54032, stack(0x000000daac800000,0x000000daac900000)]
  0x0000023ead457c00 JavaThread "Equinox resolver thread - Equinox Container: 6da49cba-2e46-4aae-9a56-06815faab5cc" daemon [_thread_blocked, id=49908, stack(0x000000daac900000,0x000000daaca00000)]
  0x0000023ead4568c0 JavaThread "Equinox resolver thread - Equinox Container: 6da49cba-2e46-4aae-9a56-06815faab5cc" daemon [_thread_blocked, id=52000, stack(0x000000daaca00000,0x000000daacb00000)]
  0x0000023ead455a50 JavaThread "Equinox resolver thread - Equinox Container: 6da49cba-2e46-4aae-9a56-06815faab5cc" daemon [_thread_blocked, id=68840, stack(0x000000daacb00000,0x000000daacc00000)]
  0x0000023ead4580d0 JavaThread "Equinox resolver thread - Equinox Container: 6da49cba-2e46-4aae-9a56-06815faab5cc" daemon [_thread_blocked, id=56380, stack(0x000000daacc00000,0x000000daacd00000)]
  0x0000023ead457260 JavaThread "Equinox resolver thread - Equinox Container: 6da49cba-2e46-4aae-9a56-06815faab5cc" daemon [_thread_blocked, id=12352, stack(0x000000daacd00000,0x000000daace00000)]
  0x0000023ead455f20 JavaThread "Equinox resolver thread - Equinox Container: 6da49cba-2e46-4aae-9a56-06815faab5cc" daemon [_thread_blocked, id=44972, stack(0x000000daace00000,0x000000daacf00000)]
  0x0000023ead454710 JavaThread "Equinox resolver thread - Equinox Container: 6da49cba-2e46-4aae-9a56-06815faab5cc" daemon [_thread_blocked, id=58736, stack(0x000000daacf00000,0x000000daad000000)]
  0x0000023ead4563f0 JavaThread "Equinox resolver thread - Equinox Container: 6da49cba-2e46-4aae-9a56-06815faab5cc" daemon [_thread_blocked, id=26564, stack(0x000000daad000000,0x000000daad100000)]
  0x0000023ead456d90 JavaThread "Equinox resolver thread - Equinox Container: 6da49cba-2e46-4aae-9a56-06815faab5cc" daemon [_thread_blocked, id=72924, stack(0x000000daad100000,0x000000daad200000)]
  0x0000023ead7b84b0 JavaThread "Equinox resolver thread - Equinox Container: 6da49cba-2e46-4aae-9a56-06815faab5cc" daemon [_thread_blocked, id=10168, stack(0x000000daad200000,0x000000daad300000)]
  0x0000023ead83fbe0 JavaThread "C2 CompilerThread3" daemon [_thread_blocked, id=60340, stack(0x000000daad300000,0x000000daad400000)]
=>0x0000023ead8dadb0 JavaThread "C2 CompilerThread4" daemon [_thread_in_native, id=37368, stack(0x000000daad400000,0x000000daad500000)]

Other Threads:
  0x0000023e95074d50 VMThread "VM Thread" [stack: 0x000000daaa600000,0x000000daaa700000] [id=71464]
  0x0000023eac96dd50 WatcherThread [stack: 0x000000daab600000,0x000000daab700000] [id=31840]
  0x0000023e94fd8750 GCTaskThread "GC Thread#0" [stack: 0x000000daaa500000,0x000000daaa600000] [id=63916]
  0x0000023eacc37970 GCTaskThread "GC Thread#1" [stack: 0x000000daab700000,0x000000daab800000] [id=78212]
  0x0000023eac952040 GCTaskThread "GC Thread#2" [stack: 0x000000daab800000,0x000000daab900000] [id=28532]
  0x0000023eac9522f0 GCTaskThread "GC Thread#3" [stack: 0x000000daab900000,0x000000daaba00000] [id=57180]
  0x0000023eac9525a0 GCTaskThread "GC Thread#4" [stack: 0x000000daaba00000,0x000000daabb00000] [id=69716]
  0x0000023eacee1100 GCTaskThread "GC Thread#5" [stack: 0x000000daabb00000,0x000000daabc00000] [id=18988]
  0x0000023ead2b22e0 GCTaskThread "GC Thread#6" [stack: 0x000000daac500000,0x000000daac600000] [id=45980]
  0x0000023ead521c80 GCTaskThread "GC Thread#7" [stack: 0x000000daac600000,0x000000daac700000] [id=29784]

Threads with active compile tasks:
C2 CompilerThread0     1614 2106       4       org.apache.felix.resolver.ResolverImpl::mergeCandidatePackage (68 bytes)
C2 CompilerThread4     1614 2151       4       org.apache.felix.resolver.ResolverImpl::mergeUses (495 bytes)

VM state: not at safepoint (normal execution)

VM Mutex/Monitor currently owned by a thread: None

Heap address: 0x00000000c0000000, size: 1024 MB, Compressed Oops mode: 32-bit

CDS archive(s) not mapped
Compressed class space mapped at: 0x0000000100000000-0x0000000140000000, reserved size: 1073741824
Narrow klass base: 0x0000000000000000, Narrow klass shift: 3, Narrow klass range: 0x140000000

GC Precious Log:
 CPUs: 16 total, 16 available
 Memory: 32577M
 Large Page Support: Disabled
 NUMA Support: Disabled
 Compressed Oops: Enabled (32-bit)
 Alignments: Space 512K, Generation 512K, Heap 2M
 Heap Min Capacity: 100M
 Heap Initial Capacity: 100M
 Heap Max Capacity: 1G
 Pre-touch: Disabled
 Parallel Workers: 13

Heap:
 PSYoungGen      total 29696K, used 8833K [0x00000000eab00000, 0x00000000ecc00000, 0x0000000100000000)
  eden space 25600K, 18% used [0x00000000eab00000,0x00000000eafa6e10,0x00000000ec400000)
  from space 4096K, 99% used [0x00000000ec400000,0x00000000ec7f96a8,0x00000000ec800000)
  to   space 4096K, 0% used [0x00000000ec800000,0x00000000ec800000,0x00000000ecc00000)
 ParOldGen       total 68608K, used 7107K [0x00000000c0000000, 0x00000000c4300000, 0x00000000eab00000)
  object space 68608K, 10% used [0x00000000c0000000,0x00000000c06f0c90,0x00000000c4300000)
 Metaspace       used 14566K, committed 14784K, reserved 1064960K
  class space    used 1437K, committed 1536K, reserved 1048576K

Card table byte_map: [0x0000023e94960000,0x0000023e94b70000] _byte_map_base: 0x0000023e94360000

Marking Bits: (ParMarkBitMap*) 0x00007ff8a3372cc0
 Begin Bits: [0x0000023ea6c40000, 0x0000023ea7c40000)
 End Bits:   [0x0000023ea7c40000, 0x0000023ea8c40000)

Polling page: 0x0000023e92f20000

Metaspace:

Usage:
  Non-class:     12.82 MB used.
      Class:      1.40 MB used.
       Both:     14.23 MB used.

Virtual space:
  Non-class space:       16.00 MB reserved,      12.94 MB ( 81%) committed,  2 nodes.
      Class space:        1.00 GB reserved,       1.50 MB ( <1%) committed,  1 nodes.
             Both:        1.02 GB reserved,      14.44 MB (  1%) committed. 

Chunk freelists:
   Non-Class:  3.08 MB
       Class:  2.38 MB
        Both:  5.46 MB

MaxMetaspaceSize: unlimited
CompressedClassSpaceSize: 1.00 GB
Initial GC threshold: 21.00 MB
Current GC threshold: 21.00 MB
CDS: off
MetaspaceReclaimPolicy: balanced
 - commit_granule_bytes: 65536.
 - commit_granule_words: 8192.
 - virtual_space_node_default_size: 1048576.
 - enlarge_chunks_in_place: 1.
 - new_chunks_are_fully_committed: 0.
 - uncommit_free_chunks: 1.
 - use_allocation_guard: 0.
 - handle_deallocations: 1.


Internal statistics:

num_allocs_failed_limit: 0.
num_arena_births: 62.
num_arena_deaths: 0.
num_vsnodes_births: 3.
num_vsnodes_deaths: 0.
num_space_committed: 231.
num_space_uncommitted: 0.
num_chunks_returned_to_freelist: 0.
num_chunks_taken_from_freelist: 263.
num_chunk_merges: 0.
num_chunk_splits: 180.
num_chunks_enlarged: 150.
num_purges: 0.
num_inconsistent_stats: 0.

CodeHeap 'non-profiled nmethods': size=119168Kb used=842Kb max_used=842Kb free=118325Kb
 bounds [0x0000023e9f7e0000, 0x0000023e9fa50000, 0x0000023ea6c40000]
CodeHeap 'profiled nmethods': size=119104Kb used=4801Kb max_used=4801Kb free=114302Kb
 bounds [0x0000023e98390000, 0x0000023e98850000, 0x0000023e9f7e0000]
CodeHeap 'non-nmethods': size=7488Kb used=2851Kb max_used=2882Kb free=4637Kb
 bounds [0x0000023e97c40000, 0x0000023e97f20000, 0x0000023e98390000]
 total_blobs=2770 nmethods=2319 adapters=362
 compilation: enabled
              stopped_count=0, restarted_count=0
 full_count=0

Compilation events (20 events):
Event: 1.597 Thread 0x0000023eaaa314f0 nmethod 2296 0x0000023e9882be10 code [0x0000023e9882bfc0, 0x0000023e9882c248]
Event: 1.597 Thread 0x0000023ead599130 nmethod 2299 0x0000023e9882c390 code [0x0000023e9882c520, 0x0000023e9882c618]
Event: 1.597 Thread 0x0000023eaaa314f0 2300       3       java.util.LinkedHashMap$LinkedKeySet::size (8 bytes)
Event: 1.597 Thread 0x0000023eaab453f0 nmethod 2298 0x0000023e9882c690 code [0x0000023e9882c840, 0x0000023e9882ca78]
Event: 1.597 Thread 0x0000023eaab45900 nmethod 2297 0x0000023e9882cb90 code [0x0000023e9882cd40, 0x0000023e9882d018]
Event: 1.597 Thread 0x0000023eaab453f0 2302   !   3       org.eclipse.osgi.internal.serviceregistry.ServiceRegistry::lookupServiceRegistrations (214 bytes)
Event: 1.597 Thread 0x0000023eaaa314f0 nmethod 2300 0x0000023e9882d190 code [0x0000023e9882d320, 0x0000023e9882d438]
Event: 1.597 Thread 0x0000023eaaa314f0 2303       3       org.eclipse.osgi.container.Module$StartOptions::isContained (38 bytes)
Event: 1.597 Thread 0x0000023eaab45900 2304       3       org.eclipse.osgi.container.Module::getContainer (8 bytes)
Event: 1.597 Thread 0x0000023eaaa314f0 nmethod 2303 0x0000023e9882d510 code [0x0000023e9882d6c0, 0x0000023e9882d9d8]
Event: 1.597 Thread 0x0000023eaaa314f0 2305       3       java.util.concurrent.locks.ReentrantLock::getHoldCount (8 bytes)
Event: 1.597 Thread 0x0000023eaab45900 nmethod 2304 0x0000023e9882db10 code [0x0000023e9882dca0, 0x0000023e9882ddd8]
Event: 1.597 Thread 0x0000023ead599130 2306       3       java.util.concurrent.locks.ReentrantLock$Sync::getHoldCount (16 bytes)
Event: 1.597 Thread 0x0000023eaab45900 2307   !   3       org.eclipse.osgi.container.Module::lockStateChange (404 bytes)
Event: 1.597 Thread 0x0000023ead599130 nmethod 2306 0x0000023e9882de90 code [0x0000023e9882e040, 0x0000023e9882e2d8]
Event: 1.597 Thread 0x0000023ead599130 2308   !   3       org.eclipse.osgi.container.Module::$SWITCH_TABLE$org$eclipse$osgi$container$ModuleContainerAdaptor$ModuleEvent (157 bytes)
Event: 1.598 Thread 0x0000023eaaa314f0 nmethod 2305 0x0000023e9882e390 code [0x0000023e9882e540, 0x0000023e9882e838]
Event: 1.598 Thread 0x0000023eaaa314f0 2309       3       org.eclipse.osgi.container.Module::unlockStateChange (63 bytes)
Event: 1.598 Thread 0x0000023ead599130 nmethod 2308 0x0000023e9882e990 code [0x0000023e9882eba0, 0x0000023e9882f268]
Event: 1.598 Thread 0x0000023ead599130 2310       3       java.util.RegularEnumSet::remove (74 bytes)

GC Heap History (6 events):
Event: 0.826 GC heap before
{Heap before GC invocations=1 (full 0):
 PSYoungGen      total 29696K, used 25600K [0x00000000eab00000, 0x00000000ecc00000, 0x0000000100000000)
  eden space 25600K, 100% used [0x00000000eab00000,0x00000000ec400000,0x00000000ec400000)
  from space 4096K, 0% used [0x00000000ec800000,0x00000000ec800000,0x00000000ecc00000)
  to   space 4096K, 0% used [0x00000000ec400000,0x00000000ec400000,0x00000000ec800000)
 ParOldGen       total 68608K, used 0K [0x00000000c0000000, 0x00000000c4300000, 0x00000000eab00000)
  object space 68608K, 0% used [0x00000000c0000000,0x00000000c0000000,0x00000000c4300000)
 Metaspace       used 10645K, committed 10816K, reserved 1064960K
  class space    used 1070K, committed 1152K, reserved 1048576K
}
Event: 0.832 GC heap after
{Heap after GC invocations=1 (full 0):
 PSYoungGen      total 29696K, used 3273K [0x00000000eab00000, 0x00000000ecc00000, 0x0000000100000000)
  eden space 25600K, 0% used [0x00000000eab00000,0x00000000eab00000,0x00000000ec400000)
  from space 4096K, 79% used [0x00000000ec400000,0x00000000ec7326b0,0x00000000ec800000)
  to   space 4096K, 0% used [0x00000000ec800000,0x00000000ec800000,0x00000000ecc00000)
 ParOldGen       total 68608K, used 16K [0x00000000c0000000, 0x00000000c4300000, 0x00000000eab00000)
  object space 68608K, 0% used [0x00000000c0000000,0x00000000c0004000,0x00000000c4300000)
 Metaspace       used 10645K, committed 10816K, reserved 1064960K
  class space    used 1070K, committed 1152K, reserved 1048576K
}
Event: 1.316 GC heap before
{Heap before GC invocations=2 (full 0):
 PSYoungGen      total 29696K, used 28873K [0x00000000eab00000, 0x00000000ecc00000, 0x0000000100000000)
  eden space 25600K, 100% used [0x00000000eab00000,0x00000000ec400000,0x00000000ec400000)
  from space 4096K, 79% used [0x00000000ec400000,0x00000000ec7326b0,0x00000000ec800000)
  to   space 4096K, 0% used [0x00000000ec800000,0x00000000ec800000,0x00000000ecc00000)
 ParOldGen       total 68608K, used 16K [0x00000000c0000000, 0x00000000c4300000, 0x00000000eab00000)
  object space 68608K, 0% used [0x00000000c0000000,0x00000000c0004000,0x00000000c4300000)
 Metaspace       used 13672K, committed 13888K, reserved 1064960K
  class space    used 1367K, committed 1472K, reserved 1048576K
}
Event: 1.320 GC heap after
{Heap after GC invocations=2 (full 0):
 PSYoungGen      total 29696K, used 4090K [0x00000000eab00000, 0x00000000ecc00000, 0x0000000100000000)
  eden space 25600K, 0% used [0x00000000eab00000,0x00000000eab00000,0x00000000ec400000)
  from space 4096K, 99% used [0x00000000ec800000,0x00000000ecbfe808,0x00000000ecc00000)
  to   space 4096K, 0% used [0x00000000ec400000,0x00000000ec400000,0x00000000ec800000)
 ParOldGen       total 68608K, used 897K [0x00000000c0000000, 0x00000000c4300000, 0x00000000eab00000)
  object space 68608K, 1% used [0x00000000c0000000,0x00000000c00e0708,0x00000000c4300000)
 Metaspace       used 13672K, committed 13888K, reserved 1064960K
  class space    used 1367K, committed 1472K, reserved 1048576K
}
Event: 1.556 GC heap before
{Heap before GC invocations=3 (full 0):
 PSYoungGen      total 29696K, used 29690K [0x00000000eab00000, 0x00000000ecc00000, 0x0000000100000000)
  eden space 25600K, 100% used [0x00000000eab00000,0x00000000ec400000,0x00000000ec400000)
  from space 4096K, 99% used [0x00000000ec800000,0x00000000ecbfe808,0x00000000ecc00000)
  to   space 4096K, 0% used [0x00000000ec400000,0x00000000ec400000,0x00000000ec800000)
 ParOldGen       total 68608K, used 897K [0x00000000c0000000, 0x00000000c4300000, 0x00000000eab00000)
  object space 68608K, 1% used [0x00000000c0000000,0x00000000c00e0708,0x00000000c4300000)
 Metaspace       used 14204K, committed 14400K, reserved 1064960K
  class space    used 1402K, committed 1536K, reserved 1048576K
}
Event: 1.563 GC heap after
{Heap after GC invocations=3 (full 0):
 PSYoungGen      total 29696K, used 4069K [0x00000000eab00000, 0x00000000ecc00000, 0x0000000100000000)
  eden space 25600K, 0% used [0x00000000eab00000,0x00000000eab00000,0x00000000ec400000)
  from space 4096K, 99% used [0x00000000ec400000,0x00000000ec7f96a8,0x00000000ec800000)
  to   space 4096K, 0% used [0x00000000ec800000,0x00000000ec800000,0x00000000ecc00000)
 ParOldGen       total 68608K, used 7107K [0x00000000c0000000, 0x00000000c4300000, 0x00000000eab00000)
  object space 68608K, 10% used [0x00000000c0000000,0x00000000c06f0c90,0x00000000c4300000)
 Metaspace       used 14204K, committed 14400K, reserved 1064960K
  class space    used 1402K, committed 1536K, reserved 1048576K
}

Deoptimization events (20 events):
Event: 1.444 Thread 0x0000023e94fc3030 DEOPT PACKING pc=0x0000023e986f0a56 sp=0x000000daaa4fda80
Event: 1.444 Thread 0x0000023e94fc3030 DEOPT UNPACKING pc=0x0000023e97c92843 sp=0x000000daaa4fcf08 mode 0
Event: 1.444 Thread 0x0000023e94fc3030 DEOPT PACKING pc=0x0000023e986f0a56 sp=0x000000daaa4fda80
Event: 1.444 Thread 0x0000023e94fc3030 DEOPT UNPACKING pc=0x0000023e97c92843 sp=0x000000daaa4fcf08 mode 0
Event: 1.444 Thread 0x0000023e94fc3030 Uncommon trap: trap_request=0xffffffcc fr.pc=0x0000023e9f8872c4 relative=0x0000000000000124
Event: 1.444 Thread 0x0000023e94fc3030 Uncommon trap: reason=intrinsic_or_type_checked_inlining action=make_not_entrant pc=0x0000023e9f8872c4 method=java.util.ArrayList.toArray([Ljava/lang/Object;)[Ljava/lang/Object; @ 36 c2
Event: 1.444 Thread 0x0000023e94fc3030 DEOPT PACKING pc=0x0000023e9f8872c4 sp=0x000000daaa4fde50
Event: 1.444 Thread 0x0000023e94fc3030 DEOPT UNPACKING pc=0x0000023e97c920a3 sp=0x000000daaa4fddf0 mode 2
Event: 1.455 Thread 0x0000023e94fc3030 Uncommon trap: trap_request=0xffffffdc fr.pc=0x0000023e9f887fa0 relative=0x0000000000000280
Event: 1.455 Thread 0x0000023e94fc3030 Uncommon trap: reason=class_check action=make_not_entrant pc=0x0000023e9f887fa0 method=java.util.ArrayList.toArray([Ljava/lang/Object;)[Ljava/lang/Object; @ 21 c2
Event: 1.455 Thread 0x0000023e94fc3030 DEOPT PACKING pc=0x0000023e9f887fa0 sp=0x000000daaa4fda40
Event: 1.455 Thread 0x0000023e94fc3030 DEOPT UNPACKING pc=0x0000023e97c920a3 sp=0x000000daaa4fda00 mode 2
Event: 1.512 Thread 0x0000023ead455580 Uncommon trap: trap_request=0xffffff45 fr.pc=0x0000023e9f892e74 relative=0x00000000000000d4
Event: 1.512 Thread 0x0000023ead455580 Uncommon trap: reason=unstable_if action=reinterpret pc=0x0000023e9f892e74 method=org.eclipse.osgi.internal.framework.FilterImpl$Parser.skipWhiteSpace()V @ 39 c2
Event: 1.512 Thread 0x0000023ead455580 DEOPT PACKING pc=0x0000023e9f892e74 sp=0x000000daac7fe170
Event: 1.512 Thread 0x0000023ead455580 DEOPT UNPACKING pc=0x0000023e97c920a3 sp=0x000000daac7fe110 mode 2
Event: 1.540 Thread 0x0000023ead454710 Uncommon trap: trap_request=0xffffff45 fr.pc=0x0000023e9f84c9f8 relative=0x0000000000000258
Event: 1.540 Thread 0x0000023ead454710 Uncommon trap: reason=unstable_if action=reinterpret pc=0x0000023e9f84c9f8 method=java.util.concurrent.ConcurrentHashMap.get(Ljava/lang/Object;)Ljava/lang/Object; @ 86 c2
Event: 1.540 Thread 0x0000023ead454710 DEOPT PACKING pc=0x0000023e9f84c9f8 sp=0x000000daacffeed0
Event: 1.540 Thread 0x0000023ead454710 DEOPT UNPACKING pc=0x0000023e97c920a3 sp=0x000000daacffee48 mode 2

Classes unloaded (0 events):
No events

Classes redefined (0 events):
No events

Internal exceptions (20 events):
Event: 0.567 Thread 0x0000023e94fc3030 Exception <a 'sun/nio/fs/WindowsException'{0x00000000eb8ee970}> (0x00000000eb8ee970) 
thrown [s\src\hotspot\share\prims\jni.cpp, line 516]
Event: 0.568 Thread 0x0000023e94fc3030 Exception <a 'sun/nio/fs/WindowsException'{0x00000000eb8ef0f8}> (0x00000000eb8ef0f8) 
thrown [s\src\hotspot\share\prims\jni.cpp, line 516]
Event: 0.738 Thread 0x0000023e94fc3030 Exception <a 'java/lang/ClassNotFoundException'{0x00000000ec0ebe68}: sun/net/www/protocol/c/Handler> (0x00000000ec0ebe68) 
thrown [s\src\hotspot\share\classfile\systemDictionary.cpp, line 256]
Event: 0.739 Thread 0x0000023e94fc3030 Exception <a 'java/lang/ClassNotFoundException'{0x00000000ec0ed248}: sun/net/www/protocol/e/Handler> (0x00000000ec0ed248) 
thrown [s\src\hotspot\share\classfile\systemDictionary.cpp, line 256]
Event: 0.739 Thread 0x0000023e94fc3030 Exception <a 'java/lang/ClassNotFoundException'{0x00000000ec0ee4a8}: sun/net/www/protocol/c/Handler> (0x00000000ec0ee4a8) 
thrown [s\src\hotspot\share\classfile\systemDictionary.cpp, line 256]
Event: 0.749 Thread 0x0000023e94fc3030 Exception <a 'java/io/FileNotFoundException'{0x00000000ec114d60}> (0x00000000ec114d60) 
thrown [s\src\hotspot\share\prims\jni.cpp, line 516]
Event: 0.778 Thread 0x0000023e94fc3030 Implicit null exception at 0x0000023e9f80ed3b to 0x0000023e9f80f64c
Event: 0.778 Thread 0x0000023e94fc3030 Implicit null exception at 0x0000023e9f81e28c to 0x0000023e9f81e4bc
Event: 0.779 Thread 0x0000023e94fc3030 Implicit null exception at 0x0000023e9f81aa8e to 0x0000023e9f81accc
Event: 0.779 Thread 0x0000023e94fc3030 Implicit null exception at 0x0000023e9f83048f to 0x0000023e9f830505
Event: 0.821 Thread 0x0000023e94fc3030 Exception <a 'java/lang/NoSuchMethodError'{0x00000000ec3dfe18}: 'int java.lang.invoke.DirectMethodHandle$Holder.invokeStaticInit(java.lang.Object, java.lang.Object, java.lang.Object, java.lang.Object)'> (0x00000000ec3dfe18) 
thrown [s\src\hotspot\share\interpreter\linkResolver.cpp, line 759]
Event: 0.823 Thread 0x0000023e94fc3030 Exception <a 'java/lang/NoSuchMethodError'{0x00000000ec3ea488}: 'java.lang.Object java.lang.invoke.DirectMethodHandle$Holder.invokeInterface(java.lang.Object, java.lang.Object)'> (0x00000000ec3ea488) 
thrown [s\src\hotspot\share\interpreter\linkResolver.cpp, line 759]
Event: 0.823 Thread 0x0000023e94fc3030 Exception <a 'java/lang/IncompatibleClassChangeError'{0x00000000ec3edc80}: Found class java.lang.Object, but interface was expected> (0x00000000ec3edc80) 
thrown [s\src\hotspot\share\interpreter\linkResolver.cpp, line 826]
Event: 0.824 Thread 0x0000023e94fc3030 Exception <a 'java/lang/NoSuchMethodError'{0x00000000ec3f2178}: 'void java.lang.invoke.DirectMethodHandle$Holder.invokeStatic(java.lang.Object, java.lang.Object)'> (0x00000000ec3f2178) 
thrown [s\src\hotspot\share\interpreter\linkResolver.cpp, line 759]
Event: 0.825 Thread 0x0000023e94fc3030 Exception <a 'java/lang/NoSuchMethodError'{0x00000000ec3f5978}: 'void java.lang.invoke.DirectMethodHandle$Holder.invokeStaticInit(java.lang.Object, java.lang.Object)'> (0x00000000ec3f5978) 
thrown [s\src\hotspot\share\interpreter\linkResolver.cpp, line 759]
Event: 0.826 Thread 0x0000023e94fc3030 Exception <a 'java/lang/NoSuchMethodError'{0x00000000ec3fcfb0}: 'int java.lang.invoke.DirectMethodHandle$Holder.invokeStaticInit(java.lang.Object, java.lang.Object)'> (0x00000000ec3fcfb0) 
thrown [s\src\hotspot\share\interpreter\linkResolver.cpp, line 759]
Event: 1.059 Thread 0x0000023e94fc3030 Exception <a 'java/lang/NoSuchMethodError'{0x00000000eb5faf98}: 'int java.lang.invoke.DirectMethodHandle$Holder.invokeSpecial(java.lang.Object, java.lang.Object, java.lang.Object)'> (0x00000000eb5faf98) 
thrown [s\src\hotspot\share\interpreter\linkResolver.cpp, line 759]
Event: 1.138 Thread 0x0000023e94fc3030 Exception <a 'java/lang/NoSuchMethodError'{0x00000000ebb11a68}: 'java.lang.Object java.lang.invoke.DirectMethodHandle$Holder.newInvokeSpecial(java.lang.Object, int, java.lang.Object)'> (0x00000000ebb11a68) 
thrown [s\src\hotspot\share\interpreter\linkResolver.cpp, line 759]
Event: 1.487 Thread 0x0000023e94fc3030 Exception <a 'java/lang/UnsatisfiedLinkError'{0x00000000eb9e7538}: 'void org.eclipse.equinox.launcher.JNIBridge._update_splash()'> (0x00000000eb9e7538) 
thrown [s\src\hotspot\share\prims\nativeLookup.cpp, line 543]
Event: 1.494 Thread 0x0000023ead455580 Exception <a 'java/lang/NoSuchMethodError'{0x00000000eba38df8}: 'java.lang.Object java.lang.invoke.Invokers$Holder.invokeExact_MT(java.lang.Object, java.lang.Object, java.lang.Object, java.lang.Object, java.lang.Object, java.lang.Object)'> (0x00000000eba38df8) 
thrown [s\src\hotspot\share\interpreter\linkResolver.cpp, line 759]

VM Operations (20 events):
Event: 1.034 Executing VM operation: HandshakeAllThreads
Event: 1.034 Executing VM operation: HandshakeAllThreads done
Event: 1.123 Executing VM operation: HandshakeAllThreads
Event: 1.123 Executing VM operation: HandshakeAllThreads done
Event: 1.123 Executing VM operation: HandshakeAllThreads
Event: 1.123 Executing VM operation: HandshakeAllThreads done
Event: 1.316 Executing VM operation: ParallelGCFailedAllocation
Event: 1.320 Executing VM operation: ParallelGCFailedAllocation done
Event: 1.490 Executing VM operation: HandshakeAllThreads
Event: 1.490 Executing VM operation: HandshakeAllThreads done
Event: 1.518 Executing VM operation: HandshakeAllThreads
Event: 1.518 Executing VM operation: HandshakeAllThreads done
Event: 1.545 Executing VM operation: ICBufferFull
Event: 1.549 Executing VM operation: ICBufferFull done
Event: 1.549 Executing VM operation: ICBufferFull
Event: 1.549 Executing VM operation: ICBufferFull done
Event: 1.549 Executing VM operation: ICBufferFull
Event: 1.549 Executing VM operation: ICBufferFull done
Event: 1.556 Executing VM operation: ParallelGCFailedAllocation
Event: 1.563 Executing VM operation: ParallelGCFailedAllocation done

Events (20 events):
Event: 1.499 loading class java/util/function/BiPredicate done
Event: 1.512 Thread 0x0000023ead599130 Thread added: 0x0000023ead599130
Event: 1.517 loading class java/util/TreeMap$EntrySet
Event: 1.517 loading class java/util/TreeMap$EntrySet done
Event: 1.517 loading class java/util/TreeMap$EntryIterator
Event: 1.517 loading class java/util/TreeMap$EntryIterator done
Event: 1.524 Thread 0x0000023ead457c00 Thread added: 0x0000023ead457c00
Event: 1.524 Thread 0x0000023ead4568c0 Thread added: 0x0000023ead4568c0
Event: 1.524 Thread 0x0000023ead455a50 Thread added: 0x0000023ead455a50
Event: 1.525 Thread 0x0000023ead4580d0 Thread added: 0x0000023ead4580d0
Event: 1.525 Thread 0x0000023ead457260 Thread added: 0x0000023ead457260
Event: 1.525 Thread 0x0000023ead455f20 Thread added: 0x0000023ead455f20
Event: 1.525 Thread 0x0000023ead454710 Thread added: 0x0000023ead454710
Event: 1.525 Thread 0x0000023ead4563f0 Thread added: 0x0000023ead4563f0
Event: 1.525 Thread 0x0000023ead456d90 Thread added: 0x0000023ead456d90
Event: 1.525 Thread 0x0000023ead7b84b0 Thread added: 0x0000023ead7b84b0
Event: 1.526 loading class java/util/AbstractList$Itr
Event: 1.526 loading class java/util/AbstractList$Itr done
Event: 1.541 Thread 0x0000023ead83fbe0 Thread added: 0x0000023ead83fbe0
Event: 1.545 Thread 0x0000023ead8dadb0 Thread added: 0x0000023ead8dadb0


Dynamic libraries:
0x00007ff7d15c0000 - 0x00007ff7d15ce000 	c:\Users\Administrator\.kiro\extensions\redhat.java-1.12.0-win32-x64\jre\17.0.4.1-win32-x86_64\bin\java.exe
0x00007ff979a90000 - 0x00007ff979c87000 	C:\Windows\SYSTEM32\ntdll.dll
0x00007ff979890000 - 0x00007ff97994d000 	C:\Windows\System32\KERNEL32.DLL
0x00007ff977660000 - 0x00007ff977956000 	C:\Windows\System32\KERNELBASE.dll
0x00007ff973b00000 - 0x00007ff973b90000 	C:\Windows\SYSTEM32\apphelp.dll
0x00007ff977250000 - 0x00007ff977350000 	C:\Windows\System32\ucrtbase.dll
0x00007ff9420f0000 - 0x00007ff942108000 	c:\Users\Administrator\.kiro\extensions\redhat.java-1.12.0-win32-x64\jre\17.0.4.1-win32-x86_64\bin\jli.dll
0x00007ff977c10000 - 0x00007ff977dae000 	C:\Windows\System32\USER32.dll
0x00007ff9773c0000 - 0x00007ff9773e2000 	C:\Windows\System32\win32u.dll
0x00007ff946da0000 - 0x00007ff946db9000 	c:\Users\Administrator\.kiro\extensions\redhat.java-1.12.0-win32-x64\jre\17.0.4.1-win32-x86_64\bin\VCRUNTIME140.dll
0x00007ff979860000 - 0x00007ff97988c000 	C:\Windows\System32\GDI32.dll
0x00007ff9773f0000 - 0x00007ff97750a000 	C:\Windows\System32\gdi32full.dll
0x00007ff9775c0000 - 0x00007ff97765d000 	C:\Windows\System32\msvcp_win.dll
0x00007ff964440000 - 0x00007ff9646da000 	C:\Windows\WinSxS\amd64_microsoft.windows.common-controls_6595b64144ccf1df_6.0.19041.3570_none_60bb2a3971f3e41a\COMCTL32.dll
0x00007ff978040000 - 0x00007ff9780de000 	C:\Windows\System32\msvcrt.dll
0x00007ff978e80000 - 0x00007ff978eb0000 	C:\Windows\System32\IMM32.DLL
0x00007ff96fce0000 - 0x00007ff96fcec000 	c:\Users\Administrator\.kiro\extensions\redhat.java-1.12.0-win32-x64\jre\17.0.4.1-win32-x86_64\bin\vcruntime140_1.dll
0x00007ff907e80000 - 0x00007ff907f11000 	c:\Users\Administrator\.kiro\extensions\redhat.java-1.12.0-win32-x64\jre\17.0.4.1-win32-x86_64\bin\msvcp140.dll
0x00007ff8a27f0000 - 0x00007ff8a3436000 	c:\Users\Administrator\.kiro\extensions\redhat.java-1.12.0-win32-x64\jre\17.0.4.1-win32-x86_64\bin\server\jvm.dll
0x00007ff979740000 - 0x00007ff9797ee000 	C:\Windows\System32\ADVAPI32.dll
0x00007ff979950000 - 0x00007ff9799ec000 	C:\Windows\System32\sechost.dll
0x00007ff978d50000 - 0x00007ff978e76000 	C:\Windows\System32\RPCRT4.dll
0x00007ff977db0000 - 0x00007ff977db8000 	C:\Windows\System32\PSAPI.DLL
0x00007ff9695c0000 - 0x00007ff9695e7000 	C:\Windows\SYSTEM32\WINMM.dll
0x00007ff96f1a0000 - 0x00007ff96f1aa000 	C:\Windows\SYSTEM32\VERSION.dll
0x00007ff95fd80000 - 0x00007ff95fd89000 	C:\Windows\SYSTEM32\WSOCK32.dll
0x00007ff979310000 - 0x00007ff97937b000 	C:\Windows\System32\WS2_32.dll
0x00007ff975970000 - 0x00007ff975982000 	C:\Windows\SYSTEM32\kernel.appcore.dll
0x00007ff96e8b0000 - 0x00007ff96e8ba000 	c:\Users\Administrator\.kiro\extensions\redhat.java-1.12.0-win32-x64\jre\17.0.4.1-win32-x86_64\bin\jimage.dll
0x00007ff9754b0000 - 0x00007ff975694000 	C:\Windows\SYSTEM32\DBGHELP.DLL
0x00007ff9592b0000 - 0x00007ff9592e4000 	C:\Windows\SYSTEM32\dbgcore.DLL
0x00007ff9771c0000 - 0x00007ff977242000 	C:\Windows\System32\bcryptPrimitives.dll
0x00007ff96e860000 - 0x00007ff96e86e000 	c:\Users\Administrator\.kiro\extensions\redhat.java-1.12.0-win32-x64\jre\17.0.4.1-win32-x86_64\bin\instrument.dll
0x00007ff938580000 - 0x00007ff9385a5000 	c:\Users\Administrator\.kiro\extensions\redhat.java-1.12.0-win32-x64\jre\17.0.4.1-win32-x86_64\bin\java.dll
0x00007ff941b30000 - 0x00007ff941b48000 	c:\Users\Administrator\.kiro\extensions\redhat.java-1.12.0-win32-x64\jre\17.0.4.1-win32-x86_64\bin\zip.dll
0x00007ff9780e0000 - 0x00007ff978824000 	C:\Windows\System32\SHELL32.dll
0x00007ff974d00000 - 0x00007ff97549b000 	C:\Windows\SYSTEM32\windows.storage.dll
0x00007ff978ed0000 - 0x00007ff979224000 	C:\Windows\System32\combase.dll
0x00007ff976a90000 - 0x00007ff976abd000 	C:\Windows\SYSTEM32\Wldp.dll
0x00007ff978830000 - 0x00007ff9788dd000 	C:\Windows\System32\SHCORE.dll
0x00007ff979230000 - 0x00007ff979285000 	C:\Windows\System32\shlwapi.dll
0x00007ff977060000 - 0x00007ff977085000 	C:\Windows\SYSTEM32\profapi.dll
0x00007ff93ff90000 - 0x00007ff93ffa9000 	C:\Users\Administrator\.kiro\extensions\redhat.java-1.12.0-win32-x64\jre\17.0.4.1-win32-x86_64\bin\net.dll
0x00007ff96f730000 - 0x00007ff96f83a000 	C:\Windows\SYSTEM32\WINHTTP.dll
0x00007ff976870000 - 0x00007ff9768da000 	C:\Windows\system32\mswsock.dll
0x00007ff93f470000 - 0x00007ff93f485000 	C:\Users\Administrator\.kiro\extensions\redhat.java-1.12.0-win32-x64\jre\17.0.4.1-win32-x86_64\bin\nio.dll
0x00007ff962600000 - 0x00007ff962610000 	c:\Users\Administrator\.kiro\extensions\redhat.java-1.12.0-win32-x64\jre\17.0.4.1-win32-x86_64\bin\verify.dll
0x00007ff9329e0000 - 0x00007ff932a1e000 	C:\Users\Administrator\AppData\Roaming\Kiro\User\globalStorage\redhat.java\1.12.0\config_win\org.eclipse.equinox.launcher\org.eclipse.equinox.launcher.win32.win32.x86_64_1.2.600.v20220720-1916\eclipse_11700.dll
0x00007ff977e60000 - 0x00007ff977f8b000 	C:\Windows\System32\ole32.dll

dbghelp: loaded successfully - version: 4.0.5 - missing functions: none
symbol engine: initialized successfully - sym options: 0x614 - pdb path: .;c:\Users\Administrator\.kiro\extensions\redhat.java-1.12.0-win32-x64\jre\17.0.4.1-win32-x86_64\bin;C:\Windows\SYSTEM32;C:\Windows\WinSxS\amd64_microsoft.windows.common-controls_6595b64144ccf1df_6.0.19041.3570_none_60bb2a3971f3e41a;c:\Users\Administrator\.kiro\extensions\redhat.java-1.12.0-win32-x64\jre\17.0.4.1-win32-x86_64\bin\server;C:\Users\Administrator\AppData\Roaming\Kiro\User\globalStorage\redhat.java\1.12.0\config_win\org.eclipse.equinox.launcher\org.eclipse.equinox.launcher.win32.win32.x86_64_1.2.600.v20220720-1916

VM Arguments:
jvm_args: --add-modules=ALL-SYSTEM --add-opens=java.base/java.util=ALL-UNNAMED --add-opens=java.base/java.lang=ALL-UNNAMED --add-opens=java.base/sun.nio.fs=ALL-UNNAMED -Declipse.application=org.eclipse.jdt.ls.core.id1 -Dosgi.bundles.defaultStartLevel=4 -Declipse.product=org.eclipse.jdt.ls.core.product -Djava.import.generatesMetadataFilesAtProjectRoot=false -Dfile.encoding=utf8 -XX:+UseParallelGC -XX:GCTimeRatio=4 -XX:AdaptiveSizePolicyWeight=90 -Dsun.zip.disableMemoryMapping=true -Xmx1G -Xms100m -Xlog:disable -javaagent:c:\Users\Administrator\.kiro\extensions\redhat.java-1.12.0-win32-x64\lombok\lombok-1.18.24.jar -XX:+HeapDumpOnOutOfMemoryError -XX:HeapDumpPath=c:\Users\Administrator\AppData\Roaming\Kiro\User\workspaceStorage\370af1cdf00c4ba8e98fa4faa2476796\redhat.java 
java_command: c:\Users\Administrator\.kiro\extensions\redhat.java-1.12.0-win32-x64\server\plugins\org.eclipse.equinox.launcher_1.6.400.v20210924-0641.jar -configuration c:\Users\Administrator\AppData\Roaming\Kiro\User\globalStorage\redhat.java\1.12.0\config_win -data c:\Users\Administrator\AppData\Roaming\Kiro\User\workspaceStorage\370af1cdf00c4ba8e98fa4faa2476796\redhat.java\jdt_ws
java_class_path (initial): c:\Users\Administrator\.kiro\extensions\redhat.java-1.12.0-win32-x64\server\plugins\org.eclipse.equinox.launcher_1.6.400.v20210924-0641.jar
Launcher Type: SUN_STANDARD

[Global flags]
    uintx AdaptiveSizePolicyWeight                 = 90                                        {product} {command line}
     intx CICompilerCount                          = 12                                        {product} {ergonomic}
    uintx GCTimeRatio                              = 4                                         {product} {command line}
     bool HeapDumpOnOutOfMemoryError               = true                                   {manageable} {command line}
    ccstr HeapDumpPath                             = c:\Users\Administrator\AppData\Roaming\Kiro\User\workspaceStorage\370af1cdf00c4ba8e98fa4faa2476796\redhat.java         {manageable} {command line}
   size_t InitialHeapSize                          = 104857600                                 {product} {command line}
   size_t MaxHeapSize                              = 1073741824                                {product} {command line}
   size_t MaxNewSize                               = 357564416                                 {product} {ergonomic}
   size_t MinHeapDeltaBytes                        = 524288                                    {product} {ergonomic}
   size_t MinHeapSize                              = 104857600                                 {product} {command line}
   size_t NewSize                                  = 34603008                                  {product} {ergonomic}
    uintx NonNMethodCodeHeapSize                   = 7602480                                {pd product} {ergonomic}
    uintx NonProfiledCodeHeapSize                  = 122027880                              {pd product} {ergonomic}
   size_t OldSize                                  = 70254592                                  {product} {ergonomic}
    uintx ProfiledCodeHeapSize                     = 122027880                              {pd product} {ergonomic}
    uintx ReservedCodeCacheSize                    = 251658240                              {pd product} {ergonomic}
     bool SegmentedCodeCache                       = true                                      {product} {ergonomic}
   size_t SoftMaxHeapSize                          = 1073741824                             {manageable} {ergonomic}
     bool UseCompressedClassPointers               = true                           {product lp64_product} {ergonomic}
     bool UseCompressedOops                        = true                           {product lp64_product} {ergonomic}
     bool UseLargePagesIndividualAllocation        = false                                  {pd product} {ergonomic}
     bool UseParallelGC                            = true                                      {product} {command line}

Logging:
Log output configuration:
 #0: stdout all=off uptime,level,tags
 #1: stderr all=off uptime,level,tags

Environment Variables:
JAVA_HOME=C:\Program Files\Java\jdk-21
CLASSPATH=C:\Program Files\Java\jdk-21\lib\dt.jar;C:\Program Files\Java\jdk-21\lib\tools.jar</p>
PATH=C:\nvm4w\nodejs;D:\software\GitCLI;C:\Program Files\MongoDB\Tools\100\bin;C:\Program Files\MongoDB\Server\8.0\bin;C:\Users\Administrator\miniconda3\condabin;E:\software\VMware\bin\;C:\Program Files\Common Files\Oracle\Java\javapath;C:\Program Files\NVIDIA GPU Computing Toolkit\CUDA\v11.8\bin;C:\Program Files\NVIDIA GPU Computing Toolkit\CUDA\v11.8\libnvvp;C:\Program Files (x86)\Common Files\Intel\Shared Libraries\redist\intel64\compiler;C:\Program Files (x86)\Common Files\Oracle\Java\javapath;C:\Windows\system32;C:\Windows;C:\Windows\System32\Wbem;C:\Windows\System32\WindowsPowerShell\v1.0\;C:\Windows\System32\OpenSSH\;C:\Program Files\dotnet\;C:\Program Files (x86)\NVIDIA Corporation\PhysX\Common;C:\Program Files\Bandizip\;C:\Program Files\NVIDIA Corporation\Nsight Compute 2022.3.0\;C:\Program Files\NVIDIA Corporation\NVIDIA NvDLISR;E:\software\CMake\bin;E:\software\GO\bin\;D:\software\matlab\Matlab\bin\;C:\Program Files\Microsoft SQL Server\Client SDK\ODBC\170\Tools\Binn\;C:\Program Files (x86)\Microsoft SQL Server\150\Tools\Binn\;C:\Program Files\Microsoft SQL Server\150\Tools\Binn\;C:\Program Files\Microsoft SQL Server\150\DTS\Binn\;C:\Program Files (x86)\Windows Kits\8.1\Windows Performance Toolkit\;E:\program\mingw64\bin\;D:\software\MiKTeX\miktex\bin\x64\;C:\Program Files\Wolfram Research\WolframScript\;C:\Program Files\Calibre2\;C:\Program Files\MySQL\MySQL Server 8.0\bin;D:\software\apache-maven-3.9.6\bin\;C:\Program Files\Java\jdk-21\bin\;E:\software\python\Scripts\;C:\Program Files\Microsoft Visual Studio\;E:\software\Microsoft VS Code\bin;E:\program\Compiler\Kotlin\bin\;C:\Program Files (x86)\ZeroTier\One\;C:\Program Files\Docker\Docker\resources\bin;C:\Program Files (x86)\cloudflared\;D:\software\R-4.5.0\bin;C:\Users\Administrator\AppData\Local\nvm;C:\nvm4w\nodejs;C:\Program Files (x86)\Gpg4win\..\GnuPG\bin;C:\Program Files (x86)\GnuPG\bin;E:\software\Git\cmd;C:\FPC\3.2.2\bin\i386-Win32;C:\Program Files\cursor\resources\app\bin;D:\software\ffmpeg\bin;
USERNAME=Administrator
OS=Windows_NT
PROCESSOR_IDENTIFIER=Intel64 Family 6 Model 191 Stepping 2, GenuineIntel
TMP=C:\Users\Administrator\AppData\Local\Temp
TEMP=C:\Users\Administrator\AppData\Local\Temp



---------------  S Y S T E M  ---------------

OS:
 Windows 10 , 64 bit Build 19041 (10.0.19041.3570)
OS uptime: 17 days 10:22 hours
Hyper-V role detected

CPU: total 16 (initial active 16) (8 cores per cpu, 2 threads per core) family 6 model 191 stepping 2 microcode 0x26, cx8, cmov, fxsr, ht, mmx, 3dnowpref, sse, sse2, sse3, ssse3, sse4.1, sse4.2, popcnt, lzcnt, tsc, tscinvbit, avx, avx2, aes, erms, clmul, bmi1, bmi2, adx, sha, fma, vzeroupper, clflush, clflushopt, clwb, hv

Memory: 4k page, system-wide physical 32577M (9814M free)
TotalPageFile size 133130M (AvailPageFile size 4M)
current process WorkingSet (physical memory assigned to process): 115M, peak: 115M
current process commit charge ("private bytes"): 240M, peak: 240M

vm_info: OpenJDK 64-Bit Server VM (17.0.4.1+1) for windows-amd64 JRE (17.0.4.1+1), built on Aug 17 2022 07:42:43 by "temurin" with MS VC++ 16.7 (VS2019)

END.
