#
# There is insufficient memory for the Java Runtime Environment to continue.
# Native memory allocation (malloc) failed to allocate 1526896 bytes for Chunk::new
# Possible reasons:
#   The system is out of physical RAM or swap space
#   The process is running with CompressedOops enabled, and the Java Heap may be blocking the growth of the native heap
# Possible solutions:
#   Reduce memory load on the system
#   Increase physical memory or swap space
#   Check if swap backing store is full
#   Decrease Java heap size (-Xmx/-Xms)
#   Decrease number of Java threads
#   Decrease Java thread stack sizes (-Xss)
#   Set larger code cache with -XX:ReservedCodeCacheSize=
#   JVM is running with Unscaled Compressed Oops mode in which the Java heap is
#     placed in the first 4GB address space. The Java Heap base address is the
#     maximum limit for the native heap growth. Please use -XX:HeapBaseMinAddress
#     to set the Java Heap base and to place the Java Heap above 4GB virtual address.
# This output file may be truncated or incomplete.
#
#  Out of Memory Error (arena.cpp:189), pid=38996, tid=50072
#
# JRE version: OpenJDK Runtime Environment Temurin-17.0.4.1+1 (17.0.4.1+1) (build 17.0.4.1+1)
# Java VM: OpenJDK 64-Bit Server VM Temurin-17.0.4.1+1 (17.0.4.1+1, mixed mode, tiered, compressed oops, compressed class ptrs, parallel gc, windows-amd64)
# No core dump will be written. Minidumps are not enabled by default on client versions of Windows
#

---------------  S U M M A R Y ------------

Command Line: --add-modules=ALL-SYSTEM --add-opens=java.base/java.util=ALL-UNNAMED --add-opens=java.base/java.lang=ALL-UNNAMED --add-opens=java.base/sun.nio.fs=ALL-UNNAMED -Declipse.application=org.eclipse.jdt.ls.core.id1 -Dosgi.bundles.defaultStartLevel=4 -Declipse.product=org.eclipse.jdt.ls.core.product -Djava.import.generatesMetadataFilesAtProjectRoot=false -Dfile.encoding=utf8 -XX:+UseParallelGC -XX:GCTimeRatio=4 -XX:AdaptiveSizePolicyWeight=90 -Dsun.zip.disableMemoryMapping=true -Xmx1G -Xms100m -Xlog:disable -javaagent:c:\Users\Administrator\.kiro\extensions\redhat.java-1.12.0-win32-x64\lombok\lombok-1.18.24.jar c:\Users\Administrator\.kiro\extensions\redhat.java-1.12.0-win32-x64\server\plugins\org.eclipse.equinox.launcher_1.6.400.v20210924-0641.jar -configuration c:\Users\Administrator\AppData\Roaming\Kiro\User\globalStorage\redhat.java\1.12.0\config_ss_win -data c:\Users\Administrator\AppData\Roaming\Kiro\User\workspaceStorage\370af1cdf00c4ba8e98fa4faa2476796\redhat.java\ss_ws

Host: 13th Gen Intel(R) Core(TM) i5-13400, 16 cores, 31G,  Windows 10 , 64 bit Build 19041 (10.0.19041.3570)
Time: Sat Mar 28 12:16:33 2026 Eastern Daylight Time elapsed time: 3.054275 seconds (0d 0h 0m 3s)

---------------  T H R E A D  ---------------

Current thread (0x000001783c141380):  JavaThread "C2 CompilerThread1" daemon [_thread_in_native, id=50072, stack(0x0000002501a00000,0x0000002501b00000)]


Current CompileTask:
C2:   3054 3051       4       org.objectweb.asm.ClassReader::readMethod (1066 bytes)

Stack: [0x0000002501a00000,0x0000002501b00000]
Native frames: (J=compiled Java code, j=interpreted, Vv=VM code, C=native code)
V  [jvm.dll+0x67731a]
V  [jvm.dll+0x832284]
V  [jvm.dll+0x833a2e]
V  [jvm.dll+0x834093]
V  [jvm.dll+0x245775]
V  [jvm.dll+0xabd7b]
V  [jvm.dll+0xac30c]
V  [jvm.dll+0x363a42]
V  [jvm.dll+0x32e011]
V  [jvm.dll+0x32d4ba]
V  [jvm.dll+0x218681]
V  [jvm.dll+0x217aa1]
V  [jvm.dll+0x1a3f8d]
V  [jvm.dll+0x227498]
V  [jvm.dll+0x2255e5]
V  [jvm.dll+0x7e7e9b]
V  [jvm.dll+0x7e240a]
V  [jvm.dll+0x6761a5]
C  [ucrtbase.dll+0x21bb2]
C  [KERNEL32.DLL+0x17344]
C  [ntdll.dll+0x526b1]


---------------  P R O C E S S  ---------------

Threads class SMR info:
_java_thread_list=0x000001784208ca30, length=43, elements={
0x00000178265938b0, 0x000001783a4036f0, 0x000001783a404bc0, 0x000001783bfc1c10,
0x000001783bff1180, 0x000001783bff20b0, 0x000001783bff3980, 0x000001783bff94d0,
0x000001783c0012d0, 0x000001783c01b540, 0x000001783c10a770, 0x000001783c0c8ff0,
0x000001783c0c9500, 0x000001783c141380, 0x000001783df39010, 0x000001783e906950,
0x000001783e904e40, 0x000001783e905b20, 0x000001783e68f2a0, 0x000001783e7e6e30,
0x000001783e7ebd30, 0x000001783e8b3b60, 0x000001783e901650, 0x000001783e85c750,
0x000001783e85cc20, 0x000001783e85fc40, 0x000001783e85e430, 0x000001783e85f2a0,
0x000001783e85df60, 0x000001783e85d0f0, 0x000001783e85d5c0, 0x000001783e85da90,
0x000001783e85e900, 0x000001783e85f770, 0x000001783eb77420, 0x000001783ebfc370,
0x000001783eb78290, 0x000001783eb79100, 0x000001783ed00d90, 0x000001783eb75270,
0x000001783eb77dc0, 0x000001783eb74400, 0x000001783eb78760
}

Java Threads: ( => current thread )
  0x00000178265938b0 JavaThread "main" [_thread_blocked, id=50036, stack(0x0000002500b00000,0x0000002500c00000)]
  0x000001783a4036f0 JavaThread "Reference Handler" daemon [_thread_blocked, id=77096, stack(0x0000002500e00000,0x0000002500f00000)]
  0x000001783a404bc0 JavaThread "Finalizer" daemon [_thread_blocked, id=15056, stack(0x0000002500f00000,0x0000002501000000)]
  0x000001783bfc1c10 JavaThread "Signal Dispatcher" daemon [_thread_blocked, id=65872, stack(0x0000002501000000,0x0000002501100000)]
  0x000001783bff1180 JavaThread "Attach Listener" daemon [_thread_blocked, id=50068, stack(0x0000002501100000,0x0000002501200000)]
  0x000001783bff20b0 JavaThread "Service Thread" daemon [_thread_blocked, id=42068, stack(0x0000002501200000,0x0000002501300000)]
  0x000001783bff3980 JavaThread "Monitor Deflation Thread" daemon [_thread_blocked, id=36524, stack(0x0000002501300000,0x0000002501400000)]
  0x000001783bff94d0 JavaThread "C2 CompilerThread0" daemon [_thread_blocked, id=53100, stack(0x0000002501400000,0x0000002501500000)]
  0x000001783c0012d0 JavaThread "C1 CompilerThread0" daemon [_thread_blocked, id=61212, stack(0x0000002501500000,0x0000002501600000)]
  0x000001783c01b540 JavaThread "Sweeper thread" daemon [_thread_blocked, id=80904, stack(0x0000002501600000,0x0000002501700000)]
  0x000001783c10a770 JavaThread "Common-Cleaner" daemon [_thread_blocked, id=77272, stack(0x0000002501700000,0x0000002501800000)]
  0x000001783c0c8ff0 JavaThread "C1 CompilerThread1" daemon [_thread_blocked, id=3376, stack(0x0000002501800000,0x0000002501900000)]
  0x000001783c0c9500 JavaThread "C1 CompilerThread2" daemon [_thread_blocked, id=11844, stack(0x0000002501900000,0x0000002501a00000)]
=>0x000001783c141380 JavaThread "C2 CompilerThread1" daemon [_thread_in_native, id=50072, stack(0x0000002501a00000,0x0000002501b00000)]
  0x000001783df39010 JavaThread "Notification Thread" daemon [_thread_blocked, id=52056, stack(0x0000002501c00000,0x0000002501d00000)]
  0x000001783e906950 JavaThread "Equinox resolver thread - Equinox Container: f43cd93e-5b71-402b-a092-46697611961d" daemon [_thread_blocked, id=62072, stack(0x0000002502200000,0x0000002502300000)]
  0x000001783e904e40 JavaThread "Equinox resolver thread - Equinox Container: f43cd93e-5b71-402b-a092-46697611961d" daemon [_thread_blocked, id=81144, stack(0x0000002502300000,0x0000002502400000)]
  0x000001783e905b20 JavaThread "Equinox resolver thread - Equinox Container: f43cd93e-5b71-402b-a092-46697611961d" daemon [_thread_blocked, id=54852, stack(0x0000002502400000,0x0000002502500000)]
  0x000001783e68f2a0 JavaThread "Equinox resolver thread - Equinox Container: f43cd93e-5b71-402b-a092-46697611961d" daemon [_thread_blocked, id=76644, stack(0x0000002502500000,0x0000002502600000)]
  0x000001783e7e6e30 JavaThread "Equinox resolver thread - Equinox Container: f43cd93e-5b71-402b-a092-46697611961d" daemon [_thread_blocked, id=69132, stack(0x0000002502600000,0x0000002502700000)]
  0x000001783e7ebd30 JavaThread "Equinox resolver thread - Equinox Container: f43cd93e-5b71-402b-a092-46697611961d" daemon [_thread_blocked, id=2196, stack(0x0000002502700000,0x0000002502800000)]
  0x000001783e8b3b60 JavaThread "Active Thread: Equinox Container: f43cd93e-5b71-402b-a092-46697611961d" [_thread_blocked, id=4088, stack(0x0000002502800000,0x0000002502900000)]
  0x000001783e901650 JavaThread "Framework Event Dispatcher: Equinox Container: f43cd93e-5b71-402b-a092-46697611961d" daemon [_thread_blocked, id=44668, stack(0x0000002502900000,0x0000002502a00000)]
  0x000001783e85c750 JavaThread "Start Level: Equinox Container: f43cd93e-5b71-402b-a092-46697611961d" daemon [_thread_blocked, id=50264, stack(0x0000002502a00000,0x0000002502b00000)]
  0x000001783e85cc20 JavaThread "Refresh Thread: Equinox Container: f43cd93e-5b71-402b-a092-46697611961d" daemon [_thread_blocked, id=45748, stack(0x0000002502d00000,0x0000002502e00000)]
  0x000001783e85fc40 JavaThread "Equinox resolver thread - Equinox Container: f43cd93e-5b71-402b-a092-46697611961d" daemon [_thread_blocked, id=70396, stack(0x0000002502e00000,0x0000002502f00000)]
  0x000001783e85e430 JavaThread "Equinox resolver thread - Equinox Container: f43cd93e-5b71-402b-a092-46697611961d" daemon [_thread_blocked, id=71740, stack(0x0000002502f00000,0x0000002503000000)]
  0x000001783e85f2a0 JavaThread "Equinox resolver thread - Equinox Container: f43cd93e-5b71-402b-a092-46697611961d" daemon [_thread_blocked, id=25280, stack(0x0000002503000000,0x0000002503100000)]
  0x000001783e85df60 JavaThread "Equinox resolver thread - Equinox Container: f43cd93e-5b71-402b-a092-46697611961d" daemon [_thread_blocked, id=44840, stack(0x0000002503100000,0x0000002503200000)]
  0x000001783e85d0f0 JavaThread "Equinox resolver thread - Equinox Container: f43cd93e-5b71-402b-a092-46697611961d" daemon [_thread_blocked, id=32708, stack(0x0000002503200000,0x0000002503300000)]
  0x000001783e85d5c0 JavaThread "Equinox resolver thread - Equinox Container: f43cd93e-5b71-402b-a092-46697611961d" daemon [_thread_blocked, id=13948, stack(0x0000002503300000,0x0000002503400000)]
  0x000001783e85da90 JavaThread "Equinox resolver thread - Equinox Container: f43cd93e-5b71-402b-a092-46697611961d" daemon [_thread_blocked, id=39512, stack(0x0000002503400000,0x0000002503500000)]
  0x000001783e85e900 JavaThread "Equinox resolver thread - Equinox Container: f43cd93e-5b71-402b-a092-46697611961d" daemon [_thread_blocked, id=74688, stack(0x0000002503500000,0x0000002503600000)]
  0x000001783e85f770 JavaThread "Equinox resolver thread - Equinox Container: f43cd93e-5b71-402b-a092-46697611961d" daemon [_thread_blocked, id=60356, stack(0x0000002503600000,0x0000002503700000)]
  0x000001783eb77420 JavaThread "Equinox resolver thread - Equinox Container: f43cd93e-5b71-402b-a092-46697611961d" daemon [_thread_blocked, id=26028, stack(0x0000002503700000,0x0000002503800000)]
  0x000001783ebfc370 JavaThread "C2 CompilerThread2" daemon [_thread_blocked, id=42224, stack(0x0000002503800000,0x0000002503900000)]
  0x000001783eb78290 JavaThread "SCR Component Actor" daemon [_thread_blocked, id=42148, stack(0x0000002503a00000,0x0000002503b00000)]
  0x000001783eb79100 JavaThread "SCR Component Registry" daemon [_thread_blocked, id=49488, stack(0x0000002503b00000,0x0000002503c00000)]
  0x000001783ed00d90 JavaThread "C1 CompilerThread3" daemon [_thread_blocked, id=70428, stack(0x0000002503c00000,0x0000002503d00000)]
  0x000001783eb75270 JavaThread "Worker-JM" [_thread_blocked, id=77956, stack(0x0000002503d00000,0x0000002503e00000)]
  0x000001783eb77dc0 JavaThread "Worker-0" [_thread_blocked, id=23516, stack(0x0000002504100000,0x0000002504200000)]
  0x000001783eb74400 JavaThread "Worker-1" [_thread_blocked, id=888, stack(0x0000002504200000,0x0000002504300000)]
  0x000001783eb78760 JavaThread "Java indexing" daemon [_thread_blocked, id=69124, stack(0x0000002504400000,0x0000002504500000)]

Other Threads:
  0x000001782664e610 VMThread "VM Thread" [stack: 0x0000002500d00000,0x0000002500e00000] [id=53300]
  0x000001783df5c320 WatcherThread [stack: 0x0000002501d00000,0x0000002501e00000] [id=15272]
  0x00000178265aa0a0 GCTaskThread "GC Thread#0" [stack: 0x0000002500c00000,0x0000002500d00000] [id=40348]
  0x000001783e2dd330 GCTaskThread "GC Thread#1" [stack: 0x0000002501b00000,0x0000002501c00000] [id=49852]
  0x000001783e2de200 GCTaskThread "GC Thread#2" [stack: 0x0000002501e00000,0x0000002501f00000] [id=5776]
  0x000001783e2de4b0 GCTaskThread "GC Thread#3" [stack: 0x0000002501f00000,0x0000002502000000] [id=53876]
  0x000001783e0b5770 GCTaskThread "GC Thread#4" [stack: 0x0000002502000000,0x0000002502100000] [id=74812]
  0x000001783e0b5a20 GCTaskThread "GC Thread#5" [stack: 0x0000002502100000,0x0000002502200000] [id=74952]
  0x000001783e480880 GCTaskThread "GC Thread#6" [stack: 0x0000002502b00000,0x0000002502c00000] [id=71556]
  0x000001783e951780 GCTaskThread "GC Thread#7" [stack: 0x0000002502c00000,0x0000002502d00000] [id=16704]
  0x000001783ed97ee0 GCTaskThread "GC Thread#8" [stack: 0x0000002503900000,0x0000002503a00000] [id=50120]
  0x00000178405210f0 GCTaskThread "GC Thread#9" [stack: 0x0000002503e00000,0x0000002503f00000] [id=59348]
  0x00000178405213a0 GCTaskThread "GC Thread#10" [stack: 0x0000002503f00000,0x0000002504000000] [id=55448]
  0x000001783ebe93f0 GCTaskThread "GC Thread#11" [stack: 0x0000002504000000,0x0000002504100000] [id=5048]
  0x000001783ed0c270 GCTaskThread "GC Thread#12" [stack: 0x0000002504300000,0x0000002504400000] [id=68100]

Threads with active compile tasks:
C2 CompilerThread1     3068 3051       4       org.objectweb.asm.ClassReader::readMethod (1066 bytes)

VM state: not at safepoint (normal execution)

VM Mutex/Monitor currently owned by a thread: None

Heap address: 0x00000000c0000000, size: 1024 MB, Compressed Oops mode: 32-bit

CDS archive(s) not mapped
Compressed class space mapped at: 0x0000000100000000-0x0000000140000000, reserved size: 1073741824
Narrow klass base: 0x0000000000000000, Narrow klass shift: 3, Narrow klass range: 0x140000000

GC Precious Log:
 CPUs: 16 total, 16 available
 Memory: 32577M
 Large Page Support: Disabled
 NUMA Support: Disabled
 Compressed Oops: Enabled (32-bit)
 Alignments: Space 512K, Generation 512K, Heap 2M
 Heap Min Capacity: 100M
 Heap Initial Capacity: 100M
 Heap Max Capacity: 1G
 Pre-touch: Disabled
 Parallel Workers: 13

Heap:
 PSYoungGen      total 26112K, used 25440K [0x00000000eab00000, 0x00000000ec980000, 0x0000000100000000)
  eden space 25088K, 99% used [0x00000000eab00000,0x00000000ec342848,0x00000000ec380000)
  from space 1024K, 58% used [0x00000000ec400000,0x00000000ec4958f8,0x00000000ec500000)
  to   space 3072K, 0% used [0x00000000ec680000,0x00000000ec680000,0x00000000ec980000)
 ParOldGen       total 68608K, used 8767K [0x00000000c0000000, 0x00000000c4300000, 0x00000000eab00000)
  object space 68608K, 12% used [0x00000000c0000000,0x00000000c088fe58,0x00000000c4300000)
 Metaspace       used 27518K, committed 27904K, reserved 1081344K
  class space    used 2632K, committed 2816K, reserved 1048576K

Card table byte_map: [0x0000017825f30000,0x0000017826140000] _byte_map_base: 0x0000017825930000

Marking Bits: (ParMarkBitMap*) 0x00007ff8a3372cc0
 Begin Bits: [0x0000017838210000, 0x0000017839210000)
 End Bits:   [0x0000017839210000, 0x000001783a210000)

Polling page: 0x00000178244b0000

Metaspace:

Usage:
  Non-class:     24.30 MB used.
      Class:      2.57 MB used.
       Both:     26.87 MB used.

Virtual space:
  Non-class space:       32.00 MB reserved,      24.50 MB ( 77%) committed,  4 nodes.
      Class space:        1.00 GB reserved,       2.75 MB ( <1%) committed,  1 nodes.
             Both:        1.03 GB reserved,      27.25 MB (  3%) committed. 

Chunk freelists:
   Non-Class:  3.38 MB
       Class:  1.14 MB
        Both:  4.52 MB

MaxMetaspaceSize: unlimited
CompressedClassSpaceSize: 1.00 GB
Initial GC threshold: 21.00 MB
Current GC threshold: 35.00 MB
CDS: off
MetaspaceReclaimPolicy: balanced
 - commit_granule_bytes: 65536.
 - commit_granule_words: 8192.
 - virtual_space_node_default_size: 1048576.
 - enlarge_chunks_in_place: 1.
 - new_chunks_are_fully_committed: 0.
 - uncommit_free_chunks: 1.
 - use_allocation_guard: 0.
 - handle_deallocations: 1.


Internal statistics:

num_allocs_failed_limit: 3.
num_arena_births: 172.
num_arena_deaths: 14.
num_vsnodes_births: 5.
num_vsnodes_deaths: 0.
num_space_committed: 436.
num_space_uncommitted: 0.
num_chunks_returned_to_freelist: 17.
num_chunks_taken_from_freelist: 854.
num_chunk_merges: 7.
num_chunk_splits: 599.
num_chunks_enlarged: 456.
num_purges: 2.
num_inconsistent_stats: 0.

CodeHeap 'non-profiled nmethods': size=119168Kb used=1212Kb max_used=1212Kb free=117956Kb
 bounds [0x0000017830db0000, 0x0000017831020000, 0x0000017838210000]
CodeHeap 'profiled nmethods': size=119104Kb used=6795Kb max_used=6795Kb free=112308Kb
 bounds [0x0000017829960000, 0x000001782a010000, 0x0000017830db0000]
CodeHeap 'non-nmethods': size=7488Kb used=2921Kb max_used=2948Kb free=4566Kb
 bounds [0x0000017829210000, 0x0000017829500000, 0x0000017829960000]
 total_blobs=3658 nmethods=3116 adapters=453
 compilation: enabled
              stopped_count=0, restarted_count=0
 full_count=0

Compilation events (20 events):
Event: 3.032 Thread 0x000001783ebfc370 nmethod 3108 0x0000017830edc410 code [0x0000017830edc5a0, 0x0000017830edc648]
Event: 3.033 Thread 0x000001783c0c8ff0 3109       3       org.eclipse.core.internal.registry.ConfigurationElementHandle::getConfigurationElement (18 bytes)
Event: 3.033 Thread 0x000001783c0c9500 3110       1       java.util.Collections$EmptyMap::size (2 bytes)
Event: 3.033 Thread 0x000001783c0c8ff0 nmethod 3109 0x0000017829fffc90 code [0x0000017829fffe40, 0x000001782a0001a8]
Event: 3.033 Thread 0x000001783c0c9500 nmethod 3110 0x0000017830edc710 code [0x0000017830edc8a0, 0x0000017830edc978]
Event: 3.033 Thread 0x000001783ed00d90 3111       1       java.util.ArrayList$ArrayListSpliterator::characteristics (4 bytes)
Event: 3.033 Thread 0x000001783ed00d90 nmethod 3111 0x0000017830edca10 code [0x0000017830edcba0, 0x0000017830edcc78]
Event: 3.035 Thread 0x000001783bff94d0 nmethod 3107 0x0000017830edcd10 code [0x0000017830edcec0, 0x0000017830edd438]
Event: 3.038 Thread 0x000001783ebfc370 3112       4       java.util.HashMap::putVal (300 bytes)
Event: 3.038 Thread 0x000001783c0c9500 3113       3       java.lang.Character::toUpperCase (6 bytes)
Event: 3.038 Thread 0x000001783c0012d0 3114       3       java.lang.Character::toUpperCase (9 bytes)
Event: 3.038 Thread 0x000001783c0012d0 nmethod 3114 0x000001782a000290 code [0x000001782a000440, 0x000001782a000638]
Event: 3.038 Thread 0x000001783c0c9500 nmethod 3113 0x000001782a000710 code [0x000001782a0008c0, 0x000001782a000b18]
Event: 3.038 Thread 0x000001783ed00d90 3115       3       java.lang.ProcessEnvironment$NameComparator::compare (13 bytes)
Event: 3.038 Thread 0x000001783c0c8ff0 3116       3       java.lang.ProcessEnvironment$NameComparator::compare (90 bytes)
Event: 3.038 Thread 0x000001783ed00d90 nmethod 3115 0x000001782a000c10 code [0x000001782a000dc0, 0x000001782a0010c8]
Event: 3.039 Thread 0x000001783bff94d0 3117       4       java.lang.CharacterDataLatin1::toUpperCase (53 bytes)
Event: 3.039 Thread 0x000001783bff94d0 nmethod 3117 0x0000017830edd910 code [0x0000017830edda80, 0x0000017830eddb78]
Event: 3.039 Thread 0x000001783c0c8ff0 nmethod 3116 0x000001782a001190 code [0x000001782a0014a0, 0x000001782a0026b8]
Event: 3.046 Thread 0x000001783ebfc370 nmethod 3112 0x0000017830eddc90 code [0x0000017830edde80, 0x0000017830ede908]

GC Heap History (12 events):
Event: 0.896 GC heap before
{Heap before GC invocations=1 (full 0):
 PSYoungGen      total 29696K, used 25600K [0x00000000eab00000, 0x00000000ecc00000, 0x0000000100000000)
  eden space 25600K, 100% used [0x00000000eab00000,0x00000000ec400000,0x00000000ec400000)
  from space 4096K, 0% used [0x00000000ec800000,0x00000000ec800000,0x00000000ecc00000)
  to   space 4096K, 0% used [0x00000000ec400000,0x00000000ec400000,0x00000000ec800000)
 ParOldGen       total 68608K, used 0K [0x00000000c0000000, 0x00000000c4300000, 0x00000000eab00000)
  object space 68608K, 0% used [0x00000000c0000000,0x00000000c0000000,0x00000000c4300000)
 Metaspace       used 10664K, committed 10816K, reserved 1064960K
  class space    used 1075K, committed 1152K, reserved 1048576K
}
Event: 0.903 GC heap after
{Heap after GC invocations=1 (full 0):
 PSYoungGen      total 29696K, used 3296K [0x00000000eab00000, 0x00000000ecc00000, 0x0000000100000000)
  eden space 25600K, 0% used [0x00000000eab00000,0x00000000eab00000,0x00000000ec400000)
  from space 4096K, 80% used [0x00000000ec400000,0x00000000ec738218,0x00000000ec800000)
  to   space 4096K, 0% used [0x00000000ec800000,0x00000000ec800000,0x00000000ecc00000)
 ParOldGen       total 68608K, used 8K [0x00000000c0000000, 0x00000000c4300000, 0x00000000eab00000)
  object space 68608K, 0% used [0x00000000c0000000,0x00000000c0002000,0x00000000c4300000)
 Metaspace       used 10664K, committed 10816K, reserved 1064960K
  class space    used 1075K, committed 1152K, reserved 1048576K
}
Event: 1.434 GC heap before
{Heap before GC invocations=2 (full 0):
 PSYoungGen      total 29696K, used 28896K [0x00000000eab00000, 0x00000000ecc00000, 0x0000000100000000)
  eden space 25600K, 100% used [0x00000000eab00000,0x00000000ec400000,0x00000000ec400000)
  from space 4096K, 80% used [0x00000000ec400000,0x00000000ec738218,0x00000000ec800000)
  to   space 4096K, 0% used [0x00000000ec800000,0x00000000ec800000,0x00000000ecc00000)
 ParOldGen       total 68608K, used 8K [0x00000000c0000000, 0x00000000c4300000, 0x00000000eab00000)
  object space 68608K, 0% used [0x00000000c0000000,0x00000000c0002000,0x00000000c4300000)
 Metaspace       used 13684K, committed 13888K, reserved 1064960K
  class space    used 1367K, committed 1472K, reserved 1048576K
}
Event: 1.438 GC heap after
{Heap after GC invocations=2 (full 0):
 PSYoungGen      total 29696K, used 4084K [0x00000000eab00000, 0x00000000ecc00000, 0x0000000100000000)
  eden space 25600K, 0% used [0x00000000eab00000,0x00000000eab00000,0x00000000ec400000)
  from space 4096K, 99% used [0x00000000ec800000,0x00000000ecbfd358,0x00000000ecc00000)
  to   space 4096K, 0% used [0x00000000ec400000,0x00000000ec400000,0x00000000ec800000)
 ParOldGen       total 68608K, used 1010K [0x00000000c0000000, 0x00000000c4300000, 0x00000000eab00000)
  object space 68608K, 1% used [0x00000000c0000000,0x00000000c00fcb60,0x00000000c4300000)
 Metaspace       used 13684K, committed 13888K, reserved 1064960K
  class space    used 1367K, committed 1472K, reserved 1048576K
}
Event: 1.814 GC heap before
{Heap before GC invocations=3 (full 0):
 PSYoungGen      total 29696K, used 29684K [0x00000000eab00000, 0x00000000ecc00000, 0x0000000100000000)
  eden space 25600K, 100% used [0x00000000eab00000,0x00000000ec400000,0x00000000ec400000)
  from space 4096K, 99% used [0x00000000ec800000,0x00000000ecbfd358,0x00000000ecc00000)
  to   space 4096K, 0% used [0x00000000ec400000,0x00000000ec400000,0x00000000ec800000)
 ParOldGen       total 68608K, used 1010K [0x00000000c0000000, 0x00000000c4300000, 0x00000000eab00000)
  object space 68608K, 1% used [0x00000000c0000000,0x00000000c00fcb60,0x00000000c4300000)
 Metaspace       used 16531K, committed 16768K, reserved 1064960K
  class space    used 1688K, committed 1792K, reserved 1048576K
}
Event: 1.818 GC heap after
{Heap after GC invocations=3 (full 0):
 PSYoungGen      total 29696K, used 4075K [0x00000000eab00000, 0x00000000ecc00000, 0x0000000100000000)
  eden space 25600K, 0% used [0x00000000eab00000,0x00000000eab00000,0x00000000ec400000)
  from space 4096K, 99% used [0x00000000ec400000,0x00000000ec7fad08,0x00000000ec800000)
  to   space 4096K, 0% used [0x00000000ec800000,0x00000000ec800000,0x00000000ecc00000)
 ParOldGen       total 68608K, used 2745K [0x00000000c0000000, 0x00000000c4300000, 0x00000000eab00000)
  object space 68608K, 4% used [0x00000000c0000000,0x00000000c02ae680,0x00000000c4300000)
 Metaspace       used 16531K, committed 16768K, reserved 1064960K
  class space    used 1688K, committed 1792K, reserved 1048576K
}
Event: 2.477 GC heap before
{Heap before GC invocations=4 (full 0):
 PSYoungGen      total 29696K, used 28666K [0x00000000eab00000, 0x00000000ecc00000, 0x0000000100000000)
  eden space 25600K, 96% used [0x00000000eab00000,0x00000000ec303b10,0x00000000ec400000)
  from space 4096K, 99% used [0x00000000ec400000,0x00000000ec7fad08,0x00000000ec800000)
  to   space 4096K, 0% used [0x00000000ec800000,0x00000000ec800000,0x00000000ecc00000)
 ParOldGen       total 68608K, used 2745K [0x00000000c0000000, 0x00000000c4300000, 0x00000000eab00000)
  object space 68608K, 4% used [0x00000000c0000000,0x00000000c02ae680,0x00000000c4300000)
 Metaspace       used 21196K, committed 21504K, reserved 1073152K
  class space    used 2132K, committed 2304K, reserved 1048576K
}
Event: 2.480 GC heap after
{Heap after GC invocations=4 (full 0):
 PSYoungGen      total 29696K, used 4073K [0x00000000eab00000, 0x00000000ecc00000, 0x0000000100000000)
  eden space 25600K, 0% used [0x00000000eab00000,0x00000000eab00000,0x00000000ec400000)
  from space 4096K, 99% used [0x00000000ec800000,0x00000000ecbfa530,0x00000000ecc00000)
  to   space 4096K, 0% used [0x00000000ec400000,0x00000000ec400000,0x00000000ec800000)
 ParOldGen       total 68608K, used 4887K [0x00000000c0000000, 0x00000000c4300000, 0x00000000eab00000)
  object space 68608K, 7% used [0x00000000c0000000,0x00000000c04c5fc8,0x00000000c4300000)
 Metaspace       used 21196K, committed 21504K, reserved 1073152K
  class space    used 2132K, committed 2304K, reserved 1048576K
}
Event: 2.480 GC heap before
{Heap before GC invocations=5 (full 1):
 PSYoungGen      total 29696K, used 4073K [0x00000000eab00000, 0x00000000ecc00000, 0x0000000100000000)
  eden space 25600K, 0% used [0x00000000eab00000,0x00000000eab00000,0x00000000ec400000)
  from space 4096K, 99% used [0x00000000ec800000,0x00000000ecbfa530,0x00000000ecc00000)
  to   space 4096K, 0% used [0x00000000ec400000,0x00000000ec400000,0x00000000ec800000)
 ParOldGen       total 68608K, used 4887K [0x00000000c0000000, 0x00000000c4300000, 0x00000000eab00000)
  object space 68608K, 7% used [0x00000000c0000000,0x00000000c04c5fc8,0x00000000c4300000)
 Metaspace       used 21196K, committed 21504K, reserved 1073152K
  class space    used 2132K, committed 2304K, reserved 1048576K
}
Event: 2.501 GC heap after
{Heap after GC invocations=5 (full 1):
 PSYoungGen      total 29696K, used 0K [0x00000000eab00000, 0x00000000ecc00000, 0x0000000100000000)
  eden space 25600K, 0% used [0x00000000eab00000,0x00000000eab00000,0x00000000ec400000)
  from space 4096K, 0% used [0x00000000ec800000,0x00000000ec800000,0x00000000ecc00000)
  to   space 4096K, 0% used [0x00000000ec400000,0x00000000ec400000,0x00000000ec800000)
 ParOldGen       total 68608K, used 8759K [0x00000000c0000000, 0x00000000c4300000, 0x00000000eab00000)
  object space 68608K, 12% used [0x00000000c0000000,0x00000000c088de58,0x00000000c4300000)
 Metaspace       used 21183K, committed 21504K, reserved 1073152K
  class space    used 2128K, committed 2304K, reserved 1048576K
}
Event: 2.800 GC heap before
{Heap before GC invocations=6 (full 1):
 PSYoungGen      total 29696K, used 25600K [0x00000000eab00000, 0x00000000ecc00000, 0x0000000100000000)
  eden space 25600K, 100% used [0x00000000eab00000,0x00000000ec400000,0x00000000ec400000)
  from space 4096K, 0% used [0x00000000ec800000,0x00000000ec800000,0x00000000ecc00000)
  to   space 4096K, 0% used [0x00000000ec400000,0x00000000ec400000,0x00000000ec800000)
 ParOldGen       total 68608K, used 8759K [0x00000000c0000000, 0x00000000c4300000, 0x00000000eab00000)
  object space 68608K, 12% used [0x00000000c0000000,0x00000000c088de58,0x00000000c4300000)
 Metaspace       used 24872K, committed 25280K, reserved 1073152K
  class space    used 2415K, committed 2624K, reserved 1048576K
}
Event: 2.801 GC heap after
{Heap after GC invocations=6 (full 1):
 PSYoungGen      total 26112K, used 598K [0x00000000eab00000, 0x00000000ec980000, 0x0000000100000000)
  eden space 25088K, 0% used [0x00000000eab00000,0x00000000eab00000,0x00000000ec380000)
  from space 1024K, 58% used [0x00000000ec400000,0x00000000ec4958f8,0x00000000ec500000)
  to   space 3072K, 0% used [0x00000000ec680000,0x00000000ec680000,0x00000000ec980000)
 ParOldGen       total 68608K, used 8767K [0x00000000c0000000, 0x00000000c4300000, 0x00000000eab00000)
  object space 68608K, 12% used [0x00000000c0000000,0x00000000c088fe58,0x00000000c4300000)
 Metaspace       used 24872K, committed 25280K, reserved 1073152K
  class space    used 2415K, committed 2624K, reserved 1048576K
}

Deoptimization events (20 events):
Event: 2.420 Thread 0x000001783e85c750 Uncommon trap: trap_request=0xffffff45 fr.pc=0x0000017830e2e950 relative=0x0000000000000990
Event: 2.420 Thread 0x000001783e85c750 Uncommon trap: reason=unstable_if action=reinterpret pc=0x0000017830e2e950 method=java.util.HashMap.putVal(ILjava/lang/Object;Ljava/lang/Object;ZZ)Ljava/lang/Object; @ 236 c2
Event: 2.420 Thread 0x000001783e85c750 DEOPT PACKING pc=0x0000017830e2e950 sp=0x0000002502af8af0
Event: 2.420 Thread 0x000001783e85c750 DEOPT UNPACKING pc=0x00000178292620a3 sp=0x0000002502af8a78 mode 2
Event: 2.551 Thread 0x000001783e85c750 Uncommon trap: trap_request=0xffffffcc fr.pc=0x0000017830ebacf4 relative=0x0000000000000254
Event: 2.551 Thread 0x000001783e85c750 Uncommon trap: reason=intrinsic_or_type_checked_inlining action=make_not_entrant pc=0x0000017830ebacf4 method=java.util.ArrayList.toArray([Ljava/lang/Object;)[Ljava/lang/Object; @ 36 c2
Event: 2.551 Thread 0x000001783e85c750 DEOPT PACKING pc=0x0000017830ebacf4 sp=0x0000002502af6950
Event: 2.551 Thread 0x000001783e85c750 DEOPT UNPACKING pc=0x00000178292620a3 sp=0x0000002502af6930 mode 2
Event: 2.910 Thread 0x000001783e85c750 DEOPT PACKING pc=0x00000178299e06c3 sp=0x0000002502af52c0
Event: 2.910 Thread 0x000001783e85c750 DEOPT UNPACKING pc=0x0000017829262843 sp=0x0000002502af47e0 mode 0
Event: 2.988 Thread 0x000001783e85c750 DEOPT PACKING pc=0x0000017829a4751e sp=0x0000002502af7b40
Event: 2.988 Thread 0x000001783e85c750 DEOPT UNPACKING pc=0x0000017829262843 sp=0x0000002502af7038 mode 0
Event: 2.988 Thread 0x000001783e85c750 DEOPT PACKING pc=0x0000017829a4751e sp=0x0000002502af7b40
Event: 2.988 Thread 0x000001783e85c750 DEOPT UNPACKING pc=0x0000017829262843 sp=0x0000002502af7038 mode 0
Event: 2.989 Thread 0x000001783e85c750 Uncommon trap: trap_request=0xffffff45 fr.pc=0x0000017830e83a00 relative=0x0000000000000e60
Event: 2.989 Thread 0x000001783e85c750 Uncommon trap: reason=unstable_if action=reinterpret pc=0x0000017830e83a00 method=java.util.Properties.loadConvert([CIILjava/lang/StringBuilder;)Ljava/lang/String; @ 463 c2
Event: 2.989 Thread 0x000001783e85c750 DEOPT PACKING pc=0x0000017830e83a00 sp=0x0000002502af7b70
Event: 2.989 Thread 0x000001783e85c750 DEOPT UNPACKING pc=0x00000178292620a3 sp=0x0000002502af7b50 mode 2
Event: 2.990 Thread 0x000001783e85c750 DEOPT PACKING pc=0x0000017829a4751e sp=0x0000002502af7b40
Event: 2.990 Thread 0x000001783e85c750 DEOPT UNPACKING pc=0x0000017829262843 sp=0x0000002502af7038 mode 0

Classes unloaded (7 events):
Event: 2.483 Thread 0x000001782664e610 Unloading class 0x0000000100210400 'java/lang/invoke/LambdaForm$MH+0x0000000100210400'
Event: 2.483 Thread 0x000001782664e610 Unloading class 0x0000000100210000 'java/lang/invoke/LambdaForm$MH+0x0000000100210000'
Event: 2.483 Thread 0x000001782664e610 Unloading class 0x000000010020fc00 'java/lang/invoke/LambdaForm$MH+0x000000010020fc00'
Event: 2.483 Thread 0x000001782664e610 Unloading class 0x000000010020f800 'java/lang/invoke/LambdaForm$MH+0x000000010020f800'
Event: 2.483 Thread 0x000001782664e610 Unloading class 0x000000010020f000 'java/lang/invoke/LambdaForm$BMH+0x000000010020f000'
Event: 2.483 Thread 0x000001782664e610 Unloading class 0x000000010020ec00 'java/lang/invoke/LambdaForm$DMH+0x000000010020ec00'
Event: 2.483 Thread 0x000001782664e610 Unloading class 0x000000010020c400 'java/lang/invoke/LambdaForm$DMH+0x000000010020c400'

Classes redefined (0 events):
No events

Internal exceptions (20 events):
Event: 2.366 Thread 0x000001783e85c750 Exception <a 'java/lang/NoSuchMethodError'{0x00000000ebe49668}: 'java.lang.Object java.lang.invoke.DirectMethodHandle$Holder.invokeStatic(java.lang.Object, java.lang.Object, java.lang.Object, java.lang.Object, int)'> (0x00000000ebe49668) 
thrown [s\src\hotspot\share\interpreter\linkResolver.cpp, line 759]
Event: 2.367 Thread 0x000001783e85c750 Exception <a 'java/lang/NoSuchMethodError'{0x00000000ebe555f8}: 'java.lang.Object java.lang.invoke.DelegatingMethodHandle$Holder.reinvoke_L(java.lang.Object, java.lang.Object, java.lang.Object, java.lang.Object, int, int)'> (0x00000000ebe555f8) 
thrown [s\src\hotspot\share\interpreter\linkResolver.cpp, line 759]
Event: 2.369 Thread 0x000001783e85c750 Exception <a 'java/lang/NoSuchMethodError'{0x00000000ebe6d140}: 'java.lang.Object java.lang.invoke.Invokers$Holder.invokeExact_MT(java.lang.Object, java.lang.Object, java.lang.Object, java.lang.Object)'> (0x00000000ebe6d140) 
thrown [s\src\hotspot\share\interpreter\linkResolver.cpp, line 759]
Event: 2.399 Thread 0x000001783e85c750 Exception <a 'java/io/FileNotFoundException'{0x00000000ebf6b838}> (0x00000000ebf6b838) 
thrown [s\src\hotspot\share\prims\jni.cpp, line 516]
Event: 2.401 Thread 0x000001783e85c750 Exception <a 'java/lang/NoSuchMethodError'{0x00000000ebf78d08}: 'void java.lang.invoke.DirectMethodHandle$Holder.invokeSpecial(java.lang.Object, java.lang.Object, java.lang.Object)'> (0x00000000ebf78d08) 
thrown [s\src\hotspot\share\interpreter\linkResolver.cpp, line 759]
Event: 2.402 Thread 0x000001783e85c750 Exception <a 'java/io/FileNotFoundException'{0x00000000ebf878b0}> (0x00000000ebf878b0) 
thrown [s\src\hotspot\share\prims\jni.cpp, line 516]
Event: 2.538 Thread 0x000001783e85c750 Exception <a 'java/lang/IncompatibleClassChangeError'{0x00000000ead030b0}: Found class java.lang.Object, but interface was expected> (0x00000000ead030b0) 
thrown [s\src\hotspot\share\interpreter\linkResolver.cpp, line 826]
Event: 2.705 Thread 0x000001783e85c750 Exception <a 'java/io/FileNotFoundException'{0x00000000ebd6fae0}> (0x00000000ebd6fae0) 
thrown [s\src\hotspot\share\prims\jni.cpp, line 516]
Event: 2.705 Thread 0x000001783e85c750 Exception <a 'java/io/FileNotFoundException'{0x00000000ebd709b0}> (0x00000000ebd709b0) 
thrown [s\src\hotspot\share\prims\jni.cpp, line 516]
Event: 2.705 Thread 0x000001783e85c750 Exception <a 'java/io/FileNotFoundException'{0x00000000ebd71888}> (0x00000000ebd71888) 
thrown [s\src\hotspot\share\prims\jni.cpp, line 516]
Event: 2.827 Thread 0x000001783e85c750 Exception <a 'java/lang/NoSuchMethodError'{0x00000000ead19b90}: 'int java.lang.invoke.DirectMethodHandle$Holder.invokeStaticInit(java.lang.Object, java.lang.Object, java.lang.Object)'> (0x00000000ead19b90) 
thrown [s\src\hotspot\share\interpreter\linkResolver.cpp, line 759]
Event: 2.932 Thread 0x000001783e85c750 Exception <a 'java/io/FileNotFoundException'{0x00000000eb773ac8}> (0x00000000eb773ac8) 
thrown [s\src\hotspot\share\prims\jni.cpp, line 516]
Event: 2.981 Thread 0x000001783e85c750 Exception <a 'java/io/FileNotFoundException'{0x00000000ec14b3e8}> (0x00000000ec14b3e8) 
thrown [s\src\hotspot\share\prims\jni.cpp, line 516]
Event: 3.008 Thread 0x000001783e85c750 Exception <a 'sun/nio/fs/WindowsException'{0x00000000ec20f520}> (0x00000000ec20f520) 
thrown [s\src\hotspot\share\prims\jni.cpp, line 516]
Event: 3.008 Thread 0x000001783e85c750 Exception <a 'sun/nio/fs/WindowsException'{0x00000000ec20fd40}> (0x00000000ec20fd40) 
thrown [s\src\hotspot\share\prims\jni.cpp, line 516]
Event: 3.008 Thread 0x000001783e85c750 Exception <a 'sun/nio/fs/WindowsException'{0x00000000ec210238}> (0x00000000ec210238) 
thrown [s\src\hotspot\share\prims\jni.cpp, line 516]
Event: 3.008 Thread 0x000001783e85c750 Exception <a 'sun/nio/fs/WindowsException'{0x00000000ec210f90}> (0x00000000ec210f90) 
thrown [s\src\hotspot\share\prims\jni.cpp, line 516]
Event: 3.027 Thread 0x000001783e85c750 Exception <a 'sun/nio/fs/WindowsException'{0x00000000ec2b8a48}> (0x00000000ec2b8a48) 
thrown [s\src\hotspot\share\prims\jni.cpp, line 516]
Event: 3.027 Thread 0x000001783e85c750 Exception <a 'sun/nio/fs/WindowsException'{0x00000000ec2b9040}> (0x00000000ec2b9040) 
thrown [s\src\hotspot\share\prims\jni.cpp, line 516]
Event: 3.035 Thread 0x000001783e85c750 Exception <a 'java/io/FileNotFoundException'{0x00000000ec2e5668}> (0x00000000ec2e5668) 
thrown [s\src\hotspot\share\prims\jni.cpp, line 516]

VM Operations (20 events):
Event: 1.680 Executing VM operation: HandshakeAllThreads
Event: 1.680 Executing VM operation: HandshakeAllThreads done
Event: 1.814 Executing VM operation: ParallelGCFailedAllocation
Event: 1.818 Executing VM operation: ParallelGCFailedAllocation done
Event: 2.192 Executing VM operation: HandshakeAllThreads
Event: 2.192 Executing VM operation: HandshakeAllThreads done
Event: 2.239 Executing VM operation: HandshakeAllThreads
Event: 2.239 Executing VM operation: HandshakeAllThreads done
Event: 2.243 Executing VM operation: HandshakeAllThreads
Event: 2.243 Executing VM operation: HandshakeAllThreads done
Event: 2.360 Executing VM operation: HandshakeAllThreads
Event: 2.360 Executing VM operation: HandshakeAllThreads done
Event: 2.477 Executing VM operation: CollectForMetadataAllocation
Event: 2.501 Executing VM operation: CollectForMetadataAllocation done
Event: 2.553 Executing VM operation: HandshakeAllThreads
Event: 2.553 Executing VM operation: HandshakeAllThreads done
Event: 2.800 Executing VM operation: ParallelGCFailedAllocation
Event: 2.801 Executing VM operation: ParallelGCFailedAllocation done
Event: 3.037 Executing VM operation: HandshakeAllThreads
Event: 3.037 Executing VM operation: HandshakeAllThreads done

Events (20 events):
Event: 3.023 loading class sun/util/resources/TimeZoneNamesBundle done
Event: 3.023 loading class sun/util/resources/cldr/TimeZoneNames done
Event: 3.023 loading class sun/util/resources/cldr/TimeZoneNames_en
Event: 3.024 loading class sun/util/resources/cldr/TimeZoneNames_en done
Event: 3.024 loading class sun/util/resources/cldr/TimeZoneNames_en_US
Event: 3.024 loading class sun/util/resources/cldr/TimeZoneNames_en_US done
Event: 3.025 loading class java/lang/invoke/MethodHandle$1
Event: 3.026 loading class java/lang/invoke/MethodHandle$1 done
Event: 3.036 loading class java/lang/ProcessEnvironment
Event: 3.037 loading class java/lang/ProcessEnvironment done
Event: 3.037 loading class java/lang/ProcessEnvironment$NameComparator
Event: 3.037 loading class java/lang/ProcessEnvironment$NameComparator done
Event: 3.037 loading class java/lang/ProcessEnvironment$EntryComparator
Event: 3.037 loading class java/lang/ProcessEnvironment$EntryComparator done
Event: 3.038 loading class java/lang/ProcessEnvironment$CheckedEntrySet
Event: 3.038 loading class java/lang/ProcessEnvironment$CheckedEntrySet done
Event: 3.038 loading class java/lang/ProcessEnvironment$CheckedEntrySet$1
Event: 3.038 loading class java/lang/ProcessEnvironment$CheckedEntrySet$1 done
Event: 3.038 loading class java/lang/ProcessEnvironment$CheckedEntry
Event: 3.038 loading class java/lang/ProcessEnvironment$CheckedEntry done


Dynamic libraries:
0x00007ff7d15c0000 - 0x00007ff7d15ce000 	c:\Users\Administrator\.kiro\extensions\redhat.java-1.12.0-win32-x64\jre\17.0.4.1-win32-x86_64\bin\java.exe
0x00007ff979a90000 - 0x00007ff979c87000 	C:\Windows\SYSTEM32\ntdll.dll
0x00007ff979890000 - 0x00007ff97994d000 	C:\Windows\System32\KERNEL32.DLL
0x00007ff977660000 - 0x00007ff977956000 	C:\Windows\System32\KERNELBASE.dll
0x00007ff973b00000 - 0x00007ff973b90000 	C:\Windows\SYSTEM32\apphelp.dll
0x00007ff977250000 - 0x00007ff977350000 	C:\Windows\System32\ucrtbase.dll
0x00007ff946da0000 - 0x00007ff946db9000 	c:\Users\Administrator\.kiro\extensions\redhat.java-1.12.0-win32-x64\jre\17.0.4.1-win32-x86_64\bin\VCRUNTIME140.dll
0x00007ff9420f0000 - 0x00007ff942108000 	c:\Users\Administrator\.kiro\extensions\redhat.java-1.12.0-win32-x64\jre\17.0.4.1-win32-x86_64\bin\jli.dll
0x00007ff977c10000 - 0x00007ff977dae000 	C:\Windows\System32\USER32.dll
0x00007ff9773c0000 - 0x00007ff9773e2000 	C:\Windows\System32\win32u.dll
0x00007ff964440000 - 0x00007ff9646da000 	C:\Windows\WinSxS\amd64_microsoft.windows.common-controls_6595b64144ccf1df_6.0.19041.3570_none_60bb2a3971f3e41a\COMCTL32.dll
0x00007ff978040000 - 0x00007ff9780de000 	C:\Windows\System32\msvcrt.dll
0x00007ff979860000 - 0x00007ff97988c000 	C:\Windows\System32\GDI32.dll
0x00007ff9773f0000 - 0x00007ff97750a000 	C:\Windows\System32\gdi32full.dll
0x00007ff9775c0000 - 0x00007ff97765d000 	C:\Windows\System32\msvcp_win.dll
0x00007ff978e80000 - 0x00007ff978eb0000 	C:\Windows\System32\IMM32.DLL
0x00007ff96fce0000 - 0x00007ff96fcec000 	c:\Users\Administrator\.kiro\extensions\redhat.java-1.12.0-win32-x64\jre\17.0.4.1-win32-x86_64\bin\vcruntime140_1.dll
0x00007ff907e80000 - 0x00007ff907f11000 	c:\Users\Administrator\.kiro\extensions\redhat.java-1.12.0-win32-x64\jre\17.0.4.1-win32-x86_64\bin\msvcp140.dll
0x00007ff8a27f0000 - 0x00007ff8a3436000 	c:\Users\Administrator\.kiro\extensions\redhat.java-1.12.0-win32-x64\jre\17.0.4.1-win32-x86_64\bin\server\jvm.dll
0x00007ff979740000 - 0x00007ff9797ee000 	C:\Windows\System32\ADVAPI32.dll
0x00007ff979950000 - 0x00007ff9799ec000 	C:\Windows\System32\sechost.dll
0x00007ff978d50000 - 0x00007ff978e76000 	C:\Windows\System32\RPCRT4.dll
0x00007ff977db0000 - 0x00007ff977db8000 	C:\Windows\System32\PSAPI.DLL
0x00007ff95fd80000 - 0x00007ff95fd89000 	C:\Windows\SYSTEM32\WSOCK32.dll
0x00007ff96f1a0000 - 0x00007ff96f1aa000 	C:\Windows\SYSTEM32\VERSION.dll
0x00007ff979310000 - 0x00007ff97937b000 	C:\Windows\System32\WS2_32.dll
0x00007ff9695c0000 - 0x00007ff9695e7000 	C:\Windows\SYSTEM32\WINMM.dll
0x00007ff975970000 - 0x00007ff975982000 	C:\Windows\SYSTEM32\kernel.appcore.dll
0x00007ff96e8b0000 - 0x00007ff96e8ba000 	c:\Users\Administrator\.kiro\extensions\redhat.java-1.12.0-win32-x64\jre\17.0.4.1-win32-x86_64\bin\jimage.dll
0x00007ff9754b0000 - 0x00007ff975694000 	C:\Windows\SYSTEM32\DBGHELP.DLL
0x00007ff9592b0000 - 0x00007ff9592e4000 	C:\Windows\SYSTEM32\dbgcore.DLL
0x00007ff9771c0000 - 0x00007ff977242000 	C:\Windows\System32\bcryptPrimitives.dll
0x00007ff96e860000 - 0x00007ff96e86e000 	c:\Users\Administrator\.kiro\extensions\redhat.java-1.12.0-win32-x64\jre\17.0.4.1-win32-x86_64\bin\instrument.dll
0x00007ff938580000 - 0x00007ff9385a5000 	c:\Users\Administrator\.kiro\extensions\redhat.java-1.12.0-win32-x64\jre\17.0.4.1-win32-x86_64\bin\java.dll
0x00007ff941b30000 - 0x00007ff941b48000 	c:\Users\Administrator\.kiro\extensions\redhat.java-1.12.0-win32-x64\jre\17.0.4.1-win32-x86_64\bin\zip.dll
0x00007ff9780e0000 - 0x00007ff978824000 	C:\Windows\System32\SHELL32.dll
0x00007ff974d00000 - 0x00007ff97549b000 	C:\Windows\SYSTEM32\windows.storage.dll
0x00007ff978ed0000 - 0x00007ff979224000 	C:\Windows\System32\combase.dll
0x00007ff976a90000 - 0x00007ff976abd000 	C:\Windows\SYSTEM32\Wldp.dll
0x00007ff978830000 - 0x00007ff9788dd000 	C:\Windows\System32\SHCORE.dll
0x00007ff979230000 - 0x00007ff979285000 	C:\Windows\System32\shlwapi.dll
0x00007ff977060000 - 0x00007ff977085000 	C:\Windows\SYSTEM32\profapi.dll
0x00007ff93ff90000 - 0x00007ff93ffa9000 	C:\Users\Administrator\.kiro\extensions\redhat.java-1.12.0-win32-x64\jre\17.0.4.1-win32-x86_64\bin\net.dll
0x00007ff96f730000 - 0x00007ff96f83a000 	C:\Windows\SYSTEM32\WINHTTP.dll
0x00007ff976870000 - 0x00007ff9768da000 	C:\Windows\system32\mswsock.dll
0x00007ff93f470000 - 0x00007ff93f485000 	C:\Users\Administrator\.kiro\extensions\redhat.java-1.12.0-win32-x64\jre\17.0.4.1-win32-x86_64\bin\nio.dll
0x00007ff962600000 - 0x00007ff962610000 	c:\Users\Administrator\.kiro\extensions\redhat.java-1.12.0-win32-x64\jre\17.0.4.1-win32-x86_64\bin\verify.dll
0x00007ff932dd0000 - 0x00007ff932e0e000 	C:\Users\Administrator\AppData\Roaming\Kiro\User\globalStorage\redhat.java\1.12.0\config_ss_win\org.eclipse.equinox.launcher\org.eclipse.equinox.launcher.win32.win32.x86_64_1.2.600.v20220720-1916\eclipse_11700.dll
0x00007ff977e60000 - 0x00007ff977f8b000 	C:\Windows\System32\ole32.dll
0x00007ff961b80000 - 0x00007ff961b89000 	C:\Users\Administrator\.kiro\extensions\redhat.java-1.12.0-win32-x64\jre\17.0.4.1-win32-x86_64\bin\management.dll
0x00007ff9590e0000 - 0x00007ff9590eb000 	C:\Users\Administrator\.kiro\extensions\redhat.java-1.12.0-win32-x64\jre\17.0.4.1-win32-x86_64\bin\management_ext.dll

dbghelp: loaded successfully - version: 4.0.5 - missing functions: none
symbol engine: initialized successfully - sym options: 0x614 - pdb path: .;c:\Users\Administrator\.kiro\extensions\redhat.java-1.12.0-win32-x64\jre\17.0.4.1-win32-x86_64\bin;C:\Windows\SYSTEM32;C:\Windows\WinSxS\amd64_microsoft.windows.common-controls_6595b64144ccf1df_6.0.19041.3570_none_60bb2a3971f3e41a;c:\Users\Administrator\.kiro\extensions\redhat.java-1.12.0-win32-x64\jre\17.0.4.1-win32-x86_64\bin\server;C:\Users\Administrator\AppData\Roaming\Kiro\User\globalStorage\redhat.java\1.12.0\config_ss_win\org.eclipse.equinox.launcher\org.eclipse.equinox.launcher.win32.win32.x86_64_1.2.600.v20220720-1916

VM Arguments:
jvm_args: --add-modules=ALL-SYSTEM --add-opens=java.base/java.util=ALL-UNNAMED --add-opens=java.base/java.lang=ALL-UNNAMED --add-opens=java.base/sun.nio.fs=ALL-UNNAMED -Declipse.application=org.eclipse.jdt.ls.core.id1 -Dosgi.bundles.defaultStartLevel=4 -Declipse.product=org.eclipse.jdt.ls.core.product -Djava.import.generatesMetadataFilesAtProjectRoot=false -Dfile.encoding=utf8 -XX:+UseParallelGC -XX:GCTimeRatio=4 -XX:AdaptiveSizePolicyWeight=90 -Dsun.zip.disableMemoryMapping=true -Xmx1G -Xms100m -Xlog:disable -javaagent:c:\Users\Administrator\.kiro\extensions\redhat.java-1.12.0-win32-x64\lombok\lombok-1.18.24.jar 
java_command: c:\Users\Administrator\.kiro\extensions\redhat.java-1.12.0-win32-x64\server\plugins\org.eclipse.equinox.launcher_1.6.400.v20210924-0641.jar -configuration c:\Users\Administrator\AppData\Roaming\Kiro\User\globalStorage\redhat.java\1.12.0\config_ss_win -data c:\Users\Administrator\AppData\Roaming\Kiro\User\workspaceStorage\370af1cdf00c4ba8e98fa4faa2476796\redhat.java\ss_ws
java_class_path (initial): c:\Users\Administrator\.kiro\extensions\redhat.java-1.12.0-win32-x64\server\plugins\org.eclipse.equinox.launcher_1.6.400.v20210924-0641.jar
Launcher Type: SUN_STANDARD

[Global flags]
    uintx AdaptiveSizePolicyWeight                 = 90                                        {product} {command line}
     intx CICompilerCount                          = 12                                        {product} {ergonomic}
    uintx GCTimeRatio                              = 4                                         {product} {command line}
   size_t InitialHeapSize                          = 104857600                                 {product} {command line}
   size_t MaxHeapSize                              = 1073741824                                {product} {command line}
   size_t MaxNewSize                               = 357564416                                 {product} {ergonomic}
   size_t MinHeapDeltaBytes                        = 524288                                    {product} {ergonomic}
   size_t MinHeapSize                              = 104857600                                 {product} {command line}
   size_t NewSize                                  = 34603008                                  {product} {ergonomic}
    uintx NonNMethodCodeHeapSize                   = 7602480                                {pd product} {ergonomic}
    uintx NonProfiledCodeHeapSize                  = 122027880                              {pd product} {ergonomic}
   size_t OldSize                                  = 70254592                                  {product} {ergonomic}
    uintx ProfiledCodeHeapSize                     = 122027880                              {pd product} {ergonomic}
    uintx ReservedCodeCacheSize                    = 251658240                              {pd product} {ergonomic}
     bool SegmentedCodeCache                       = true                                      {product} {ergonomic}
   size_t SoftMaxHeapSize                          = 1073741824                             {manageable} {ergonomic}
     bool UseCompressedClassPointers               = true                           {product lp64_product} {ergonomic}
     bool UseCompressedOops                        = true                           {product lp64_product} {ergonomic}
     bool UseLargePagesIndividualAllocation        = false                                  {pd product} {ergonomic}
     bool UseParallelGC                            = true                                      {product} {command line}

Logging:
Log output configuration:
 #0: stdout all=off uptime,level,tags
 #1: stderr all=off uptime,level,tags

Environment Variables:
JAVA_HOME=C:\Program Files\Java\jdk-21
CLASSPATH=C:\Program Files\Java\jdk-21\lib\dt.jar;C:\Program Files\Java\jdk-21\lib\tools.jar</p>
PATH=C:\nvm4w\nodejs;D:\software\GitCLI;C:\Program Files\MongoDB\Tools\100\bin;C:\Program Files\MongoDB\Server\8.0\bin;C:\Users\Administrator\miniconda3\condabin;E:\software\VMware\bin\;C:\Program Files\Common Files\Oracle\Java\javapath;C:\Program Files\NVIDIA GPU Computing Toolkit\CUDA\v11.8\bin;C:\Program Files\NVIDIA GPU Computing Toolkit\CUDA\v11.8\libnvvp;C:\Program Files (x86)\Common Files\Intel\Shared Libraries\redist\intel64\compiler;C:\Program Files (x86)\Common Files\Oracle\Java\javapath;C:\Windows\system32;C:\Windows;C:\Windows\System32\Wbem;C:\Windows\System32\WindowsPowerShell\v1.0\;C:\Windows\System32\OpenSSH\;C:\Program Files\dotnet\;C:\Program Files (x86)\NVIDIA Corporation\PhysX\Common;C:\Program Files\Bandizip\;C:\Program Files\NVIDIA Corporation\Nsight Compute 2022.3.0\;C:\Program Files\NVIDIA Corporation\NVIDIA NvDLISR;E:\software\CMake\bin;E:\software\GO\bin\;D:\software\matlab\Matlab\bin\;C:\Program Files\Microsoft SQL Server\Client SDK\ODBC\170\Tools\Binn\;C:\Program Files (x86)\Microsoft SQL Server\150\Tools\Binn\;C:\Program Files\Microsoft SQL Server\150\Tools\Binn\;C:\Program Files\Microsoft SQL Server\150\DTS\Binn\;C:\Program Files (x86)\Windows Kits\8.1\Windows Performance Toolkit\;E:\program\mingw64\bin\;D:\software\MiKTeX\miktex\bin\x64\;C:\Program Files\Wolfram Research\WolframScript\;C:\Program Files\Calibre2\;C:\Program Files\MySQL\MySQL Server 8.0\bin;D:\software\apache-maven-3.9.6\bin\;C:\Program Files\Java\jdk-21\bin\;E:\software\python\Scripts\;C:\Program Files\Microsoft Visual Studio\;E:\software\Microsoft VS Code\bin;E:\program\Compiler\Kotlin\bin\;C:\Program Files (x86)\ZeroTier\One\;C:\Program Files\Docker\Docker\resources\bin;C:\Program Files (x86)\cloudflared\;D:\software\R-4.5.0\bin;C:\Users\Administrator\AppData\Local\nvm;C:\nvm4w\nodejs;C:\Program Files (x86)\Gpg4win\..\GnuPG\bin;C:\Program Files (x86)\GnuPG\bin;E:\software\Git\cmd;C:\FPC\3.2.2\bin\i386-Win32;C:\Program Files\cursor\resources\app\bin;D:\software\ffmpeg\bin;
USERNAME=Administrator
OS=Windows_NT
PROCESSOR_IDENTIFIER=Intel64 Family 6 Model 191 Stepping 2, GenuineIntel
TMP=C:\Users\Administrator\AppData\Local\Temp
TEMP=C:\Users\Administrator\AppData\Local\Temp



---------------  S Y S T E M  ---------------

OS:
 Windows 10 , 64 bit Build 19041 (10.0.19041.3570)
OS uptime: 17 days 10:22 hours
Hyper-V role detected

CPU: total 16 (initial active 16) (8 cores per cpu, 2 threads per core) family 6 model 191 stepping 2 microcode 0x26, cx8, cmov, fxsr, ht, mmx, 3dnowpref, sse, sse2, sse3, ssse3, sse4.1, sse4.2, popcnt, lzcnt, tsc, tscinvbit, avx, avx2, aes, erms, clmul, bmi1, bmi2, adx, sha, fma, vzeroupper, clflush, clflushopt, clwb, hv

Memory: 4k page, system-wide physical 32577M (9893M free)
TotalPageFile size 133130M (AvailPageFile size 240M)
current process WorkingSet (physical memory assigned to process): 148M, peak: 149M
current process commit charge ("private bytes"): 271M, peak: 272M

vm_info: OpenJDK 64-Bit Server VM (17.0.4.1+1) for windows-amd64 JRE (17.0.4.1+1), built on Aug 17 2022 07:42:43 by "temurin" with MS VC++ 16.7 (VS2019)

END.
